#
# A fatal error has been detected by the Java Runtime Environment:
#
#  EXCEPTION_ACCESS_VIOLATION (0xc0000005) at pc=0xcccccccc, pid=9156, tid=0x00002448
#
# JRE version: Java(TM) SE Runtime Environment (8.0_101-b13) (build 1.8.0_101-b13)
# Java VM: Java HotSpot(TM) Client VM (25.101-b13 mixed mode windows-x86 )
# Problematic frame:
# C  0xcccccccc
#
# Failed to write core dump. Minidumps are not enabled by default on client versions of Windows
#
# If you would like to submit a bug report, please visit:
#   http://bugreport.java.com/bugreport/crash.jsp
#

---------------  T H R E A D  ---------------

Current thread (0x142bf800):  JavaThread "JDWP Transport Listener: dt_socket" daemon [_thread_in_vm, id=9288, stack(0x148f0000,0x14940000)]

siginfo: ExceptionCode=0xc0000005, reading address 0xcccccccc

Registers:
EAX=0x6d3510a0, EBX=0x00000000, ECX=0x6d4df694, EDX=0xcccccccc
ESP=0x1493f5d4, EBP=0x1493f5dc, ESI=0x6d4df694, EDI=0x0169b8c0
EIP=0xcccccccc, EFLAGS=0x00010212

Top of Stack: (sp=0x1493f5d4)
0x1493f5d4:   6d2cbb11 142bf800 1493f604 6d429754
0x1493f5e4:   13e0da08 1493f6bc 1493f63f 142bf800
0x1493f5f4:   00000000 00000000 00000000 142bf800
0x1493f604:   1493f640 6db79f80 0169b8c0 13e0da08
0x1493f614:   1493f63f 13e0da08 6db6436d 13e0da08
0x1493f624:   1493f63f 00000001 00000000 00000000
0x1493f634:   00000001 00000000 00df173c 1493f660
0x1493f644:   6db644e0 00000001 1493f67c 1493f6b8 

Instructions: (pc=0xcccccccc)
0xccccccac:   
[error occurred during error reporting (printing registers, top of stack, instructions near pc), id 0xc0000005]

Register to memory mapping:

EAX=0x6d3510a0 is an unknown value
EBX=0x00000000 is an unknown value
ECX=0x6d4df694 is an unknown value
EDX=0xcccccccc is an unknown value
ESP=0x1493f5d4 is pointing into the stack for thread: 0x142bf800
EBP=0x1493f5dc is pointing into the stack for thread: 0x142bf800
ESI=0x6d4df694 is an unknown value
EDI=0x0169b8c0 is an unknown value


Stack: [0x148f0000,0x14940000],  sp=0x1493f5d4,  free space=317k
Native frames: (J=compiled Java code, j=interpreted, Vv=VM code, C=native code)
C  0xcccccccc
V  [jvm.dll+0x229754]
C  [jdwp.dll+0x19f80]
C  [jdwp.dll+0x44e0]
C  [jdwp.dll+0x451e]
C  0x00000001


---------------  P R O C E S S  ---------------

Java Threads: ( => current thread )
  0x15481400 JavaThread "Exec Stream Pumper" daemon [_thread_in_native, id=9392, stack(0x16050000,0x160a0000)]
  0x15481000 JavaThread "Exec Stream Pumper" daemon [_thread_in_native, id=9388, stack(0x15e20000,0x15e70000)]
  0x15479c00 JavaThread "Exec Default Executor" daemon [_thread_in_native, id=9368, stack(0x15190000,0x151e0000)]
  0x14ae7c00 JavaThread "Service Thread" daemon [_thread_blocked, id=9312, stack(0x147e0000,0x14830000)]
  0x14aafc00 JavaThread "C1 CompilerThread0" daemon [_thread_blocked, id=9308, stack(0x14640000,0x14690000)]
  0x142c4800 JavaThread "JDWP Command Reader" daemon [_thread_in_native, id=9304, stack(0x14950000,0x149a0000)]
  0x142c3800 JavaThread "JDWP Event Helper Thread" daemon [_thread_blocked, id=9292, stack(0x149b0000,0x14a00000)]
=>0x142bf800 JavaThread "JDWP Transport Listener: dt_socket" daemon [_thread_in_vm, id=9288, stack(0x148f0000,0x14940000)]
  0x142b4c00 JavaThread "Attach Listener" daemon [_thread_blocked, id=9284, stack(0x14760000,0x147b0000)]
  0x142b4000 JavaThread "Signal Dispatcher" daemon [_thread_blocked, id=9280, stack(0x03d80000,0x03dd0000)]
  0x1429e400 JavaThread "Finalizer" daemon [_thread_blocked, id=9252, stack(0x146a0000,0x146f0000)]
  0x14277c00 JavaThread "Reference Handler" daemon [_thread_blocked, id=9248, stack(0x14460000,0x144b0000)]
  0x01513000 JavaThread "main" [_thread_blocked, id=9228, stack(0x01900000,0x01950000)]

Other Threads:
  0x14270800 VMThread [stack: 0x14590000,0x145e0000] [id=9236]
  0x14afc000 WatcherThread [stack: 0x14f60000,0x14fb0000] [id=9316]

VM state:not at safepoint (normal execution)

VM Mutex/Monitor currently owned by a thread: None

Heap:
 def new generation   total 4928K, used 1085K [0x03e00000, 0x04350000, 0x09350000)
  eden space 4416K,  18% used [0x03e00000, 0x03eca1d8, 0x04250000)
  from space 512K,  54% used [0x042d0000, 0x04315328, 0x04350000)
  to   space 512K,   0% used [0x04250000, 0x04250000, 0x042d0000)
 tenured generation   total 10944K, used 4543K [0x09350000, 0x09e00000, 0x13e00000)
   the space 10944K,  41% used [0x09350000, 0x097bfec8, 0x097c0000, 0x09e00000)
 Metaspace       used 9296K, capacity 9467K, committed 9472K, reserved 9600K

Card table byte_map: [0x017a0000,0x01830000] byte_map_base: 0x01781000

Polling page: 0x010c0000

CodeCache: size=32768Kb used=1397Kb max_used=1397Kb free=31370Kb
 bounds [0x01d50000, 0x01eb0000, 0x03d50000]
 total_blobs=665 nmethods=489 adapters=115
 compilation: enabled

Compilation events (10 events):
Event: 27.457 Thread 0x14aafc00  490             java.util.regex.Pattern::has (15 bytes)
Event: 27.457 Thread 0x14aafc00 nmethod 490 0x01eac8c8 code [0x01eac9c0, 0x01eaca60]
Event: 32.588 Thread 0x14aafc00  491             java.util.ArrayList::<init> (12 bytes)
Event: 32.588 Thread 0x14aafc00 nmethod 491 0x01eacac8 code [0x01eacbc0, 0x01eacc50]
Event: 34.605 Thread 0x14aafc00  492             java.util.Formatter::checkText (58 bytes)
Event: 34.606 Thread 0x14aafc00 nmethod 492 0x01eaccc8 code [0x01eace20, 0x01ead144]
Event: 34.607 Thread 0x14aafc00  493             java.util.Arrays::copyOf (46 bytes)
Event: 34.607 Thread 0x14aafc00 nmethod 493 0x01e11948 code [0x01e11a70, 0x01e11d14]
Event: 34.663 Thread 0x14aafc00  494             org.apache.http.util.CharArrayBuffer::indexOf (71 bytes)
Event: 34.663 Thread 0x14aafc00 nmethod 494 0x01ead548 code [0x01ead650, 0x01ead780]

GC Heap History (10 events):
Event: 3.385 GC heap before
{Heap before GC invocations=10 (full 0):
 def new generation   total 4928K, used 4843K [0x03e00000, 0x04350000, 0x09350000)
  eden space 4416K, 100% used [0x03e00000, 0x04250000, 0x04250000)
  from space 512K,  83% used [0x04250000, 0x042bac60, 0x042d0000)
  to   space 512K,   0% used [0x042d0000, 0x042d0000, 0x04350000)
 tenured generation   total 10944K, used 4147K [0x09350000, 0x09e00000, 0x13e00000)
   the space 10944K,  37% used [0x09350000, 0x0975ce30, 0x0975d000, 0x09e00000)
 Metaspace       used 8019K, capacity 8187K, committed 8192K, reserved 8576K
Event: 3.390 GC heap after
Heap after GC invocations=11 (full 0):
 def new generation   total 4928K, used 494K [0x03e00000, 0x04350000, 0x09350000)
  eden space 4416K,   0% used [0x03e00000, 0x03e00000, 0x04250000)
  from space 512K,  96% used [0x042d0000, 0x0434b968, 0x04350000)
  to   space 512K,   0% used [0x04250000, 0x04250000, 0x042d0000)
 tenured generation   total 10944K, used 4249K [0x09350000, 0x09e00000, 0x13e00000)
   the space 10944K,  38% used [0x09350000, 0x09776648, 0x09776800, 0x09e00000)
 Metaspace       used 8019K, capacity 8187K, committed 8192K, reserved 8576K
}
Event: 3.509 GC heap before
{Heap before GC invocations=11 (full 0):
 def new generation   total 4928K, used 4910K [0x03e00000, 0x04350000, 0x09350000)
  eden space 4416K, 100% used [0x03e00000, 0x04250000, 0x04250000)
  from space 512K,  96% used [0x042d0000, 0x0434b968, 0x04350000)
  to   space 512K,   0% used [0x04250000, 0x04250000, 0x042d0000)
 tenured generation   total 10944K, used 4249K [0x09350000, 0x09e00000, 0x13e00000)
   the space 10944K,  38% used [0x09350000, 0x09776648, 0x09776800, 0x09e00000)
 Metaspace       used 8374K, capacity 8539K, committed 8576K, reserved 8576K
Event: 3.512 GC heap after
Heap after GC invocations=12 (full 0):
 def new generation   total 4928K, used 436K [0x03e00000, 0x04350000, 0x09350000)
  eden space 4416K,   0% used [0x03e00000, 0x03e00000, 0x04250000)
  from space 512K,  85% used [0x04250000, 0x042bd3e8, 0x042d0000)
  to   space 512K,   0% used [0x042d0000, 0x042d0000, 0x04350000)
 tenured generation   total 10944K, used 4382K [0x09350000, 0x09e00000, 0x13e00000)
   the space 10944K,  40% used [0x09350000, 0x09797a08, 0x09797c00, 0x09e00000)
 Metaspace       used 8374K, capacity 8539K, committed 8576K, reserved 8576K
}
Event: 3.626 GC heap before
{Heap before GC invocations=12 (full 0):
 def new generation   total 4928K, used 4852K [0x03e00000, 0x04350000, 0x09350000)
  eden space 4416K, 100% used [0x03e00000, 0x04250000, 0x04250000)
  from space 512K,  85% used [0x04250000, 0x042bd3e8, 0x042d0000)
  to   space 512K,   0% used [0x042d0000, 0x042d0000, 0x04350000)
 tenured generation   total 10944K, used 4382K [0x09350000, 0x09e00000, 0x13e00000)
   the space 10944K,  40% used [0x09350000, 0x09797a08, 0x09797c00, 0x09e00000)
 Metaspace       used 8662K, capacity 8827K, committed 8832K, reserved 9600K
Event: 3.628 GC heap after
Heap after GC invocations=13 (full 0):
 def new generation   total 4928K, used 413K [0x03e00000, 0x04350000, 0x09350000)
  eden space 4416K,   0% used [0x03e00000, 0x03e00000, 0x04250000)
  from space 512K,  80% used [0x042d0000, 0x043375a0, 0x04350000)
  to   space 512K,   0% used [0x04250000, 0x04250000, 0x042d0000)
 tenured generation   total 10944K, used 4431K [0x09350000, 0x09e00000, 0x13e00000)
   the space 10944K,  40% used [0x09350000, 0x097a3e68, 0x097a4000, 0x09e00000)
 Metaspace       used 8662K, capacity 8827K, committed 8832K, reserved 9600K
}
Event: 6.879 GC heap before
{Heap before GC invocations=13 (full 0):
 def new generation   total 4928K, used 4829K [0x03e00000, 0x04350000, 0x09350000)
  eden space 4416K, 100% used [0x03e00000, 0x04250000, 0x04250000)
  from space 512K,  80% used [0x042d0000, 0x043375a0, 0x04350000)
  to   space 512K,   0% used [0x04250000, 0x04250000, 0x042d0000)
 tenured generation   total 10944K, used 4431K [0x09350000, 0x09e00000, 0x13e00000)
   the space 10944K,  40% used [0x09350000, 0x097a3e68, 0x097a4000, 0x09e00000)
 Metaspace       used 8962K, capacity 9115K, committed 9216K, reserved 9600K
Event: 6.882 GC heap after
Heap after GC invocations=14 (full 0):
 def new generation   total 4928K, used 401K [0x03e00000, 0x04350000, 0x09350000)
  eden space 4416K,   0% used [0x03e00000, 0x03e00000, 0x04250000)
  from space 512K,  78% used [0x04250000, 0x042b4718, 0x042d0000)
  to   space 512K,   0% used [0x042d0000, 0x042d0000, 0x04350000)
 tenured generation   total 10944K, used 4485K [0x09350000, 0x09e00000, 0x13e00000)
   the space 10944K,  40% used [0x09350000, 0x097b15c0, 0x097b1600, 0x09e00000)
 Metaspace       used 8962K, capacity 9115K, committed 9216K, reserved 9600K
}
Event: 24.065 GC heap before
{Heap before GC invocations=14 (full 0):
 def new generation   total 4928K, used 4817K [0x03e00000, 0x04350000, 0x09350000)
  eden space 4416K, 100% used [0x03e00000, 0x04250000, 0x04250000)
  from space 512K,  78% used [0x04250000, 0x042b4718, 0x042d0000)
  to   space 512K,   0% used [0x042d0000, 0x042d0000, 0x04350000)
 tenured generation   total 10944K, used 4485K [0x09350000, 0x09e00000, 0x13e00000)
   the space 10944K,  40% used [0x09350000, 0x097b15c0, 0x097b1600, 0x09e00000)
 Metaspace       used 9179K, capacity 9339K, committed 9344K, reserved 9600K
Event: 24.069 GC heap after
Heap after GC invocations=15 (full 0):
 def new generation   total 4928K, used 276K [0x03e00000, 0x04350000, 0x09350000)
  eden space 4416K,   0% used [0x03e00000, 0x03e00000, 0x04250000)
  from space 512K,  54% used [0x042d0000, 0x04315328, 0x04350000)
  to   space 512K,   0% used [0x04250000, 0x04250000, 0x042d0000)
 tenured generation   total 10944K, used 4543K [0x09350000, 0x09e00000, 0x13e00000)
   the space 10944K,  41% used [0x09350000, 0x097bfec8, 0x097c0000, 0x09e00000)
 Metaspace       used 9179K, capacity 9339K, committed 9344K, reserved 9600K
}

Deoptimization events (0 events):
No events

Internal exceptions (10 events):
Event: 2.199 Thread 0x01513000 Exception <a 'java/lang/NoSuchFieldError': method resolution failed> (0x03e297c0) thrown at [C:\re\workspace\8-2-build-windows-i586-cygwin\jdk8u101\7261\hotspot\src\share\vm\prims\methodHandles.cpp, line 1146]
Event: 2.202 Thread 0x01513000 Exception <a 'java/lang/NoSuchFieldError': method resolution failed> (0x03e36910) thrown at [C:\re\workspace\8-2-build-windows-i586-cygwin\jdk8u101\7261\hotspot\src\share\vm\prims\methodHandles.cpp, line 1146]
Event: 3.484 Thread 0x01513000 Exception <a 'java/lang/ArrayIndexOutOfBoundsException'> (0x04175db0) thrown at [C:\re\workspace\8-2-build-windows-i586-cygwin\jdk8u101\7261\hotspot\src\share\vm\runtime\sharedRuntime.cpp, line 605]
Event: 3.484 Thread 0x01513000 Exception <a 'java/lang/ArrayIndexOutOfBoundsException'> (0x04176d68) thrown at [C:\re\workspace\8-2-build-windows-i586-cygwin\jdk8u101\7261\hotspot\src\share\vm\runtime\sharedRuntime.cpp, line 605]
Event: 3.487 Thread 0x01513000 Exception <a 'java/lang/ArrayIndexOutOfBoundsException'> (0x04181e98) thrown at [C:\re\workspace\8-2-build-windows-i586-cygwin\jdk8u101\7261\hotspot\src\share\vm\runtime\sharedRuntime.cpp, line 605]
Event: 3.487 Thread 0x01513000 Exception <a 'java/lang/ArrayIndexOutOfBoundsException'> (0x04183588) thrown at [C:\re\workspace\8-2-build-windows-i586-cygwin\jdk8u101\7261\hotspot\src\share\vm\runtime\sharedRuntime.cpp, line 605]
Event: 3.487 Thread 0x01513000 Exception <a 'java/lang/ArrayIndexOutOfBoundsException'> (0x04184a10) thrown at [C:\re\workspace\8-2-build-windows-i586-cygwin\jdk8u101\7261\hotspot\src\share\vm\runtime\sharedRuntime.cpp, line 605]
Event: 3.490 Thread 0x01513000 Exception <a 'java/lang/ArrayIndexOutOfBoundsException'> (0x0419a0e8) thrown at [C:\re\workspace\8-2-build-windows-i586-cygwin\jdk8u101\7261\hotspot\src\share\vm\runtime\sharedRuntime.cpp, line 605]
Event: 3.598 Thread 0x01513000 Exception <a 'java/lang/ArrayIndexOutOfBoundsException'> (0x04128f30) thrown at [C:\re\workspace\8-2-build-windows-i586-cygwin\jdk8u101\7261\hotspot\src\share\vm\runtime\sharedRuntime.cpp, line 605]
Event: 3.598 Thread 0x01513000 Exception <a 'java/lang/ArrayIndexOutOfBoundsException'> (0x0412a5c0) thrown at [C:\re\workspace\8-2-build-windows-i586-cygwin\jdk8u101\7261\hotspot\src\share\vm\runtime\sharedRuntime.cpp, line 605]

Events (10 events):
Event: 237340.775 Executing VM operation: ChangeBreakpoints
Event: 237340.856 Executing VM operation: ChangeBreakpoints done
Event: 237340.862 Executing VM operation: ChangeBreakpoints
Event: 237340.862 Executing VM operation: ChangeBreakpoints done
Event: 237340.930 Thread 0x142bf800 DEOPT PACKING pc=0x01e71704 sp=0x1493ea30
Event: 237340.930 Thread 0x142bf800 DEOPT UNPACKING pc=0x01d8c5db sp=0x1493e8b4 mode 1
Event: 237340.932 Executing VM operation: RedefineClasses
Event: 237340.935 Executing VM operation: RedefineClasses done
Event: 237340.937 Executing VM operation: GetOrSetLocal
Event: 237340.937 Executing VM operation: GetOrSetLocal done


Dynamic libraries:
0x00370000 - 0x003a3000 	C:\Program Files\Java\jdk1.8.0_101\bin\java.exe
0x77740000 - 0x7787c000 	C:\Windows\SYSTEM32\ntdll.dll
0x76e10000 - 0x76ee4000 	C:\Windows\system32\kernel32.dll
0x75b20000 - 0x75b6a000 	C:\Windows\system32\KERNELBASE.dll
0x76b40000 - 0x76be0000 	C:\Windows\system32\ADVAPI32.dll
0x76d60000 - 0x76e0c000 	C:\Windows\system32\msvcrt.dll
0x75b90000 - 0x75ba9000 	C:\Windows\SYSTEM32\sechost.dll
0x76cb0000 - 0x76d51000 	C:\Windows\system32\RPCRT4.dll
0x77100000 - 0x771c9000 	C:\Windows\system32\USER32.dll
0x76a60000 - 0x76aae000 	C:\Windows\system32\GDI32.dll
0x76ca0000 - 0x76caa000 	C:\Windows\system32\LPK.dll
0x75d60000 - 0x75dfd000 	C:\Windows\system32\USP10.dll
0x73e10000 - 0x73fae000 	C:\Windows\WinSxS\x86_microsoft.windows.common-controls_6595b64144ccf1df_6.0.7600.16385_none_421189da2b7fabfc\COMCTL32.dll
0x75bb0000 - 0x75c07000 	C:\Windows\system32\SHLWAPI.dll
0x77880000 - 0x7789f000 	C:\Windows\system32\IMM32.DLL
0x77670000 - 0x7773c000 	C:\Windows\system32\MSCTF.dll
0x78080000 - 0x7813f000 	C:\Program Files\Java\jdk1.8.0_101\jre\bin\msvcr100.dll
0x6d200000 - 0x6d5cc000 	C:\Program Files\Java\jdk1.8.0_101\jre\bin\client\jvm.dll
0x710e0000 - 0x710e7000 	C:\Windows\system32\WSOCK32.dll
0x778b0000 - 0x778e5000 	C:\Windows\system32\WS2_32.dll
0x75d50000 - 0x75d56000 	C:\Windows\system32\NSI.dll
0x701b0000 - 0x701e2000 	C:\Windows\system32\WINMM.dll
0x75230000 - 0x75239000 	C:\Windows\system32\VERSION.dll
0x75e00000 - 0x75e05000 	C:\Windows\system32\PSAPI.DLL
0x700e0000 - 0x700ec000 	C:\Program Files\Java\jdk1.8.0_101\jre\bin\verify.dll
0x6d8f0000 - 0x6d911000 	C:\Program Files\Java\jdk1.8.0_101\jre\bin\java.dll
0x6db60000 - 0x6db89000 	C:\Program Files\Java\jdk1.8.0_101\jre\bin\jdwp.dll
0x6f150000 - 0x6f157000 	C:\Program Files\Java\jdk1.8.0_101\jre\bin\npt.dll
0x6d180000 - 0x6d1a0000 	C:\Program Files\Java\jdk1.8.0_101\jre\bin\instrument.dll
0x6fc50000 - 0x6fc63000 	C:\Program Files\Java\jdk1.8.0_101\jre\bin\zip.dll
0x75e10000 - 0x76a59000 	C:\Windows\system32\SHELL32.dll
0x76fa0000 - 0x770fc000 	C:\Windows\system32\ole32.dll
0x75890000 - 0x7589b000 	C:\Windows\system32\profapi.dll
0x6cb50000 - 0x6cb58000 	C:\Program Files\Java\jdk1.8.0_101\jre\bin\dt_socket.dll
0x75090000 - 0x750cc000 	C:\Windows\system32\mswsock.dll
0x74300000 - 0x74305000 	C:\Windows\System32\wshtcpip.dll
0x6fe40000 - 0x6fe56000 	C:\Program Files\Java\jdk1.8.0_101\jre\bin\net.dll
0x754e0000 - 0x754e6000 	C:\Windows\System32\wship6.dll
0x750d0000 - 0x750e6000 	C:\Windows\system32\CRYPTSP.dll
0x74e60000 - 0x74e9b000 	C:\Windows\system32\rsaenh.dll
0x753b0000 - 0x753c7000 	C:\Windows\system32\USERENV.dll
0x75810000 - 0x7581c000 	C:\Windows\system32\CRYPTBASE.dll
0x746b0000 - 0x746cc000 	C:\Windows\system32\IPHLPAPI.DLL
0x74d20000 - 0x74d27000 	C:\Windows\system32\WINNSI.DLL
0x72a90000 - 0x72aa2000 	C:\Windows\system32\dhcpcsvc.DLL
0x72a80000 - 0x72a8d000 	C:\Windows\system32\dhcpcsvc6.DLL
0x6f4d0000 - 0x6f4df000 	C:\Program Files\Java\jdk1.8.0_101\jre\bin\nio.dll
0x74f60000 - 0x74fa4000 	C:\Windows\system32\DNSAPI.dll
0x70d20000 - 0x70d26000 	C:\Windows\system32\rasadhlp.dll
0x72b80000 - 0x72bb8000 	C:\Windows\System32\fwpuclnt.dll
0x6f8e0000 - 0x6f900000 	C:\Program Files\Java\jdk1.8.0_101\jre\bin\sunec.dll
0x757c0000 - 0x7580b000 	C:\Windows\system32\apphelp.dll
0x72d90000 - 0x72e7b000 	C:\Windows\system32\dbghelp.dll

VM Arguments:
jvm_args: -agentlib:jdwp=transport=dt_socket,address=127.0.0.1:56137,suspend=y,server=n -ea -javaagent:C:\Users\Антон\.IdeaIC2016\system\groovyHotSwap\gragent.jar -Didea.testng.sm_runner -Dfile.encoding=UTF-8 
java_command: org.testng.RemoteTestNGStarter -port 56135 -usedefaultlisteners false -socket56136 @w@C:\Users\Антон\AppData\Local\Temp\idea_working_dirs_testng202.tmp -temp C:\Users\Антон\AppData\Local\Temp\idea_testng813.tmp
java_class_path (initial): C:\Program Files\JetBrains\IntelliJ IDEA Community Edition 2016.1.4\lib\idea_rt.jar;C:\Program Files\JetBrains\IntelliJ IDEA Community Edition 2016.1.4\plugins\testng\lib\testng-plugin.jar;C:\Program Files\Java\jdk1.8.0_101\jre\lib\charsets.jar;C:\Program Files\Java\jdk1.8.0_101\jre\lib\deploy.jar;C:\Program Files\Java\jdk1.8.0_101\jre\lib\javaws.jar;C:\Program Files\Java\jdk1.8.0_101\jre\lib\jce.jar;C:\Program Files\Java\jdk1.8.0_101\jre\lib\jfr.jar;C:\Program Files\Java\jdk1.8.0_101\jre\lib\jfxswt.jar;C:\Program Files\Java\jdk1.8.0_101\jre\lib\jsse.jar;C:\Program Files\Java\jdk1.8.0_101\jre\lib\management-agent.jar;C:\Program Files\Java\jdk1.8.0_101\jre\lib\plugin.jar;C:\Program Files\Java\jdk1.8.0_101\jre\lib\resources.jar;C:\Program Files\Java\jdk1.8.0_101\jre\lib\rt.jar;C:\Program Files\Java\jdk1.8.0_101\jre\lib\ext\access-bridge.jar;C:\Program Files\Java\jdk1.8.0_101\jre\lib\ext\cldrdata.jar;C:\Program Files\Java\jdk1.8.0_101\jre\lib\ext\dnsns.jar;C:\Program Files\Java\jdk1.8.0_101\jre\lib\ext\jaccess.jar;C:\Program Files\Java\jdk1.8.0_101\jre\lib\ext\jfxrt.jar;C:\Program Files\Java\jdk1.8.0_101\jre\lib\ext\localedata.jar;C:\Program Files\Java\jdk1.8.0_101\jre\lib\ext\nashorn.jar;C:\Program Files\Java\jdk1.8.0_101\jre\lib\ext\sunec.jar;C:\Program Files\Java\jdk1.8.0_101\jre\lib\ext\sunjce_provider.jar;C:\Program Files\Java\jdk1.8.0_101\jre\lib\ext\sunmscapi.jar;C:\Program Files\Java\jdk1.8.0_101\jre\lib\ext\sunpkcs11.jar;C:\Program Files\Java\jdk1.8.0_101\jre\lib\ext\zipfs.jar;C:\Users\Антон\Downloads\Java-course\java_courses\addressbookWebTests\build\classes\test;C:\Users\Антон\Downloads\Java-course\java_courses\addressbookWebTests\build\classes\main;C:\Users\Антон\.gradle\caches\modules-2\files-2.1\org.testng\testng\6.9.10\6feb3e964aeb7097aff30c372aac3ec0f8d87ede\testng-6.9.10.jar;C:\Users\Антон\.gradle\caches\modules-2\files-2.1\org.seleniumhq.selenium\selenium-java\2.53.1\d90f85f4f389aa78b2d207ca1bfcca3fdefb71f0\selenium-java-2
Launcher Type: SUN_STANDARD

Environment Variables:
JAVA_HOME=C:\Program Files\Java\jdk1.7.0_79
PATH=C:\Program Files\Java\jdk1.7.0_79\bin;C:\ProgramData\Oracle\Java\javapath;D:\app\Антон\product\11.2.0\dbhome_1\bin;C:\Windows\system32;C:\Windows;C:\Windows\System32\Wbem;C:\Windows\System32\WindowsPowerShell\v1.0\;C:\Program Files\ATI Technologies\ATI.ACE\Core-Static;C:\Program Files\Skype\Phone\
USERNAME=Антон
OS=Windows_NT
PROCESSOR_IDENTIFIER=x86 Family 6 Model 37 Stepping 2, GenuineIntel



---------------  S Y S T E M  ---------------

OS: Windows 7 Build 7600 (6.1.7600.16385)

CPU:total 2 (2 cores per cpu, 1 threads per core) family 6 model 37 stepping 2, cmov, cx8, fxsr, mmx, sse, sse2, sse3, ssse3, popcnt, tsc, tscinvbit

Memory: 4k page, physical 2545520k(273160k free), swap 6586256k(717872k free)

vm_info: Java HotSpot(TM) Client VM (25.101-b13) for windows-x86 JRE (1.8.0_101-b13), built on Jun 22 2016 00:45:44 by "java_re" with MS VC++ 10.0 (VS2010)

time: Fri Sep 23 17:35:44 2016
elapsed time: 237342 seconds (2d 17h 55m 42s)

