#
# A fatal error has been detected by the Java Runtime Environment:
#
#  EXCEPTION_ACCESS_VIOLATION (0xc0000005) at pc=0x6d2cbafd, pid=7356, tid=0x00001ab4
#
# JRE version: Java(TM) SE Runtime Environment (8.0_101-b13) (build 1.8.0_101-b13)
# Java VM: Java HotSpot(TM) Client VM (25.101-b13 mixed mode windows-x86 )
# Problematic frame:
# V  [jvm.dll+0xcbafd]
#
# Failed to write core dump. Minidumps are not enabled by default on client versions of Windows
#
# If you would like to submit a bug report, please visit:
#   http://bugreport.java.com/bugreport/crash.jsp
#

---------------  T H R E A D  ---------------

Current thread (0x142c4c00):  JavaThread "JDWP Transport Listener: dt_socket" daemon [_thread_in_vm, id=6836, stack(0x14830000,0x14880000)]

siginfo: ExceptionCode=0xc0000005, reading address 0x00000008

Registers:
EAX=0x00000008, EBX=0x00000000, ECX=0x00000008, EDX=0x00000000
ESP=0x1487f3f8, EBP=0x1487f3fc, ESI=0x142c4c00, EDI=0x0190b8c0
EIP=0x6d2cbafd, EFLAGS=0x00010202

Top of Stack: (sp=0x1487f3f8)
0x1487f3f8:   142c4c00 1487f424 6d429754 00000008
0x1487f408:   1487f4dc 1487f45f 142c4c00 00000000
0x1487f418:   00000000 00000000 142c4c00 1487f460
0x1487f428:   6db79f80 0190b8c0 00000008 1487f45f
0x1487f438:   00000008 6db6436d 00000008 1487f45f
0x1487f448:   00000003 00000000 00000000 00000001
0x1487f458:   00000000 002765b4 1487f480 6db644e0
0x1487f468:   00000001 1487f49c 1487f4d8 14b51a40 

Instructions: (pc=0x6d2cbafd)
0x6d2cbadd:   5d c3 52 e8 5b f9 ff ff 5d c3 cc cc cc cc cc cc
0x6d2cbaed:   cc cc cc 55 8b ec 8b 45 08 85 c0 75 02 5d c3 56
0x6d2cbafd:   8b 30 85 f6 74 17 83 fe 37 74 12 8b 06 8b 50 08
0x6d2cbb0d:   8b ce ff d2 84 c0 74 05 8b c6 5e 5d c3 33 c0 5e 


Register to memory mapping:

EAX=0x00000008 is an unknown value
EBX=0x00000000 is an unknown value
ECX=0x00000008 is an unknown value
EDX=0x00000000 is an unknown value
ESP=0x1487f3f8 is pointing into the stack for thread: 0x142c4c00
EBP=0x1487f3fc is pointing into the stack for thread: 0x142c4c00
ESI=0x142c4c00 is a thread
EDI=0x0190b8c0 is an unknown value


Stack: [0x14830000,0x14880000],  sp=0x1487f3f8,  free space=316k
Native frames: (J=compiled Java code, j=interpreted, Vv=VM code, C=native code)
V  [jvm.dll+0xcbafd]
V  [jvm.dll+0x229754]
C  [jdwp.dll+0x19f80]
C  [jdwp.dll+0x44e0]
C  [jdwp.dll+0x451e]
C  0xc3a11401


---------------  P R O C E S S  ---------------

Java Threads: ( => current thread )
  0x15545000 JavaThread "Exec Stream Pumper" daemon [_thread_in_native, id=8040, stack(0x14e60000,0x14eb0000)]
  0x1553ac00 JavaThread "Exec Stream Pumper" daemon [_thread_in_native, id=2740, stack(0x15e00000,0x15e50000)]
  0x1552dc00 JavaThread "Exec Default Executor" daemon [_thread_in_native, id=7788, stack(0x15ea0000,0x15ef0000)]
  0x149ab800 JavaThread "Service Thread" daemon [_thread_blocked, id=7248, stack(0x14ee0000,0x14f30000)]
  0x149a8000 JavaThread "C1 CompilerThread0" daemon [_thread_blocked, id=1804, stack(0x14db0000,0x14e00000)]
  0x142c7c00 JavaThread "JDWP Command Reader" daemon [_thread_in_native, id=6172, stack(0x148c0000,0x14910000)]
  0x142c6c00 JavaThread "JDWP Event Helper Thread" daemon [_thread_blocked, id=6748, stack(0x01ce0000,0x01d30000)]
=>0x142c4c00 JavaThread "JDWP Transport Listener: dt_socket" daemon [_thread_in_vm, id=6836, stack(0x14830000,0x14880000)]
  0x142b4c00 JavaThread "Attach Listener" daemon [_thread_blocked, id=6796, stack(0x147e0000,0x14830000)]
  0x142b4000 JavaThread "Signal Dispatcher" daemon [_thread_blocked, id=7708, stack(0x14740000,0x14790000)]
  0x1429a800 JavaThread "Finalizer" daemon [_thread_blocked, id=6868, stack(0x14670000,0x146c0000)]
  0x14277c00 JavaThread "Reference Handler" daemon [_thread_blocked, id=6392, stack(0x14550000,0x145a0000)]
  0x01213000 JavaThread "main" [_thread_blocked, id=7392, stack(0x002c0000,0x00310000)]

Other Threads:
  0x14270800 VMThread [stack: 0x144e0000,0x14530000] [id=6928]
  0x149d2000 WatcherThread [stack: 0x14f70000,0x14fc0000] [id=7676]

VM state:not at safepoint (normal execution)

VM Mutex/Monitor currently owned by a thread: None

Heap:
 def new generation   total 4928K, used 1058K [0x03e00000, 0x04350000, 0x09350000)
  eden space 4416K,  17% used [0x03e00000, 0x03ec3c50, 0x04250000)
  from space 512K,  53% used [0x042d0000, 0x04314d50, 0x04350000)
  to   space 512K,   0% used [0x04250000, 0x04250000, 0x042d0000)
 tenured generation   total 10944K, used 4577K [0x09350000, 0x09e00000, 0x13e00000)
   the space 10944K,  41% used [0x09350000, 0x097c8488, 0x097c8600, 0x09e00000)
 Metaspace       used 9317K, capacity 9467K, committed 9472K, reserved 9600K

Card table byte_map: [0x03d60000,0x03df0000] byte_map_base: 0x03d41000

Polling page: 0x00150000

CodeCache: size=32768Kb used=1399Kb max_used=1399Kb free=31368Kb
 bounds [0x01d60000, 0x01ec0000, 0x03d60000]
 total_blobs=671 nmethods=495 adapters=115
 compilation: enabled

Compilation events (10 events):
Event: 18.395 Thread 0x149a8000  494             java.util.regex.Pattern::has (15 bytes)
Event: 18.395 Thread 0x149a8000 nmethod 494 0x01ebcc48 code [0x01ebcd40, 0x01ebcde0]
Event: 18.437 Thread 0x149a8000  495             java.util.ArrayList::grow (45 bytes)
Event: 18.438 Thread 0x149a8000 nmethod 495 0x01ebce48 code [0x01ebcf60, 0x01ebd0e8]
Event: 18.588 Thread 0x149a8000  496             org.apache.http.util.CharArrayBuffer::indexOf (71 bytes)
Event: 18.588 Thread 0x149a8000 nmethod 496 0x01ebd288 code [0x01ebd390, 0x01ebd4c0]
Event: 18.592 Thread 0x149a8000  498             java.util.ArrayList::<init> (12 bytes)
Event: 18.593 Thread 0x149a8000 nmethod 498 0x01ebd848 code [0x01ebd940, 0x01ebd9d0]
Event: 18.864 Thread 0x149a8000  499             java.util.Arrays::copyOf (46 bytes)
Event: 18.866 Thread 0x149a8000 nmethod 499 0x01ebda48 code [0x01ebdb70, 0x01ebde14]

GC Heap History (10 events):
Event: 3.778 GC heap before
{Heap before GC invocations=10 (full 0):
 def new generation   total 4928K, used 4832K [0x03e00000, 0x04350000, 0x09350000)
  eden space 4416K,  99% used [0x03e00000, 0x0424d588, 0x04250000)
  from space 512K,  83% used [0x04250000, 0x042bace8, 0x042d0000)
  to   space 512K,   0% used [0x042d0000, 0x042d0000, 0x04350000)
 tenured generation   total 10944K, used 4155K [0x09350000, 0x09e00000, 0x13e00000)
   the space 10944K,  37% used [0x09350000, 0x0975ec48, 0x0975ee00, 0x09e00000)
 Metaspace       used 8005K, capacity 8155K, committed 8192K, reserved 8576K
Event: 3.783 GC heap after
Heap after GC invocations=11 (full 0):
 def new generation   total 4928K, used 508K [0x03e00000, 0x04350000, 0x09350000)
  eden space 4416K,   0% used [0x03e00000, 0x03e00000, 0x04250000)
  from space 512K,  99% used [0x042d0000, 0x0434f270, 0x04350000)
  to   space 512K,   0% used [0x04250000, 0x04250000, 0x042d0000)
 tenured generation   total 10944K, used 4261K [0x09350000, 0x09e00000, 0x13e00000)
   the space 10944K,  38% used [0x09350000, 0x09779678, 0x09779800, 0x09e00000)
 Metaspace       used 8005K, capacity 8155K, committed 8192K, reserved 8576K
}
Event: 3.956 GC heap before
{Heap before GC invocations=11 (full 0):
 def new generation   total 4928K, used 4924K [0x03e00000, 0x04350000, 0x09350000)
  eden space 4416K, 100% used [0x03e00000, 0x04250000, 0x04250000)
  from space 512K,  99% used [0x042d0000, 0x0434f270, 0x04350000)
  to   space 512K,   0% used [0x04250000, 0x04250000, 0x042d0000)
 tenured generation   total 10944K, used 4261K [0x09350000, 0x09e00000, 0x13e00000)
   the space 10944K,  38% used [0x09350000, 0x09779678, 0x09779800, 0x09e00000)
 Metaspace       used 8371K, capacity 8507K, committed 8576K, reserved 8576K
Event: 3.959 GC heap after
Heap after GC invocations=12 (full 0):
 def new generation   total 4928K, used 435K [0x03e00000, 0x04350000, 0x09350000)
  eden space 4416K,   0% used [0x03e00000, 0x03e00000, 0x04250000)
  from space 512K,  85% used [0x04250000, 0x042bcfa8, 0x042d0000)
  to   space 512K,   0% used [0x042d0000, 0x042d0000, 0x04350000)
 tenured generation   total 10944K, used 4413K [0x09350000, 0x09e00000, 0x13e00000)
   the space 10944K,  40% used [0x09350000, 0x0979f458, 0x0979f600, 0x09e00000)
 Metaspace       used 8371K, capacity 8507K, committed 8576K, reserved 8576K
}
Event: 4.101 GC heap before
{Heap before GC invocations=12 (full 0):
 def new generation   total 4928K, used 4851K [0x03e00000, 0x04350000, 0x09350000)
  eden space 4416K, 100% used [0x03e00000, 0x04250000, 0x04250000)
  from space 512K,  85% used [0x04250000, 0x042bcfa8, 0x042d0000)
  to   space 512K,   0% used [0x042d0000, 0x042d0000, 0x04350000)
 tenured generation   total 10944K, used 4413K [0x09350000, 0x09e00000, 0x13e00000)
   the space 10944K,  40% used [0x09350000, 0x0979f458, 0x0979f600, 0x09e00000)
 Metaspace       used 8656K, capacity 8795K, committed 8832K, reserved 9600K
Event: 4.104 GC heap after
Heap after GC invocations=13 (full 0):
 def new generation   total 4928K, used 400K [0x03e00000, 0x04350000, 0x09350000)
  eden space 4416K,   0% used [0x03e00000, 0x03e00000, 0x04250000)
  from space 512K,  78% used [0x042d0000, 0x04334348, 0x04350000)
  to   space 512K,   0% used [0x04250000, 0x04250000, 0x042d0000)
 tenured generation   total 10944K, used 4462K [0x09350000, 0x09e00000, 0x13e00000)
   the space 10944K,  40% used [0x09350000, 0x097ab8b8, 0x097aba00, 0x09e00000)
 Metaspace       used 8656K, capacity 8795K, committed 8832K, reserved 9600K
}
Event: 6.240 GC heap before
{Heap before GC invocations=13 (full 0):
 def new generation   total 4928K, used 4816K [0x03e00000, 0x04350000, 0x09350000)
  eden space 4416K, 100% used [0x03e00000, 0x04250000, 0x04250000)
  from space 512K,  78% used [0x042d0000, 0x04334348, 0x04350000)
  to   space 512K,   0% used [0x04250000, 0x04250000, 0x042d0000)
 tenured generation   total 10944K, used 4462K [0x09350000, 0x09e00000, 0x13e00000)
   the space 10944K,  40% used [0x09350000, 0x097ab8b8, 0x097aba00, 0x09e00000)
 Metaspace       used 8958K, capacity 9115K, committed 9216K, reserved 9600K
Event: 6.243 GC heap after
Heap after GC invocations=14 (full 0):
 def new generation   total 4928K, used 411K [0x03e00000, 0x04350000, 0x09350000)
  eden space 4416K,   0% used [0x03e00000, 0x03e00000, 0x04250000)
  from space 512K,  80% used [0x04250000, 0x042b6ef8, 0x042d0000)
  to   space 512K,   0% used [0x042d0000, 0x042d0000, 0x04350000)
 tenured generation   total 10944K, used 4509K [0x09350000, 0x09e00000, 0x13e00000)
   the space 10944K,  41% used [0x09350000, 0x097b74b0, 0x097b7600, 0x09e00000)
 Metaspace       used 8958K, capacity 9115K, committed 9216K, reserved 9600K
}
Event: 18.247 GC heap before
{Heap before GC invocations=14 (full 0):
 def new generation   total 4928K, used 4827K [0x03e00000, 0x04350000, 0x09350000)
  eden space 4416K, 100% used [0x03e00000, 0x04250000, 0x04250000)
  from space 512K,  80% used [0x04250000, 0x042b6ef8, 0x042d0000)
  to   space 512K,   0% used [0x042d0000, 0x042d0000, 0x04350000)
 tenured generation   total 10944K, used 4509K [0x09350000, 0x09e00000, 0x13e00000)
   the space 10944K,  41% used [0x09350000, 0x097b74b0, 0x097b7600, 0x09e00000)
 Metaspace       used 9178K, capacity 9339K, committed 9344K, reserved 9600K
Event: 18.251 GC heap after
Heap after GC invocations=15 (full 0):
 def new generation   total 4928K, used 275K [0x03e00000, 0x04350000, 0x09350000)
  eden space 4416K,   0% used [0x03e00000, 0x03e00000, 0x04250000)
  from space 512K,  53% used [0x042d0000, 0x04314d50, 0x04350000)
  to   space 512K,   0% used [0x04250000, 0x04250000, 0x042d0000)
 tenured generation   total 10944K, used 4577K [0x09350000, 0x09e00000, 0x13e00000)
   the space 10944K,  41% used [0x09350000, 0x097c8488, 0x097c8600, 0x09e00000)
 Metaspace       used 9178K, capacity 9339K, committed 9344K, reserved 9600K
}

Deoptimization events (0 events):
No events

Internal exceptions (10 events):
Event: 3.929 Thread 0x01213000 Exception <a 'java/lang/ArrayIndexOutOfBoundsException'> (0x0417e630) thrown at [C:\re\workspace\8-2-build-windows-i586-cygwin\jdk8u101\7261\hotspot\src\share\vm\runtime\sharedRuntime.cpp, line 605]
Event: 3.929 Thread 0x01213000 Exception <a 'java/lang/ArrayIndexOutOfBoundsException'> (0x0417f5e8) thrown at [C:\re\workspace\8-2-build-windows-i586-cygwin\jdk8u101\7261\hotspot\src\share\vm\runtime\sharedRuntime.cpp, line 605]
Event: 3.932 Thread 0x01213000 Exception <a 'java/lang/ArrayIndexOutOfBoundsException'> (0x0418a718) thrown at [C:\re\workspace\8-2-build-windows-i586-cygwin\jdk8u101\7261\hotspot\src\share\vm\runtime\sharedRuntime.cpp, line 605]
Event: 3.932 Thread 0x01213000 Exception <a 'java/lang/ArrayIndexOutOfBoundsException'> (0x0418be28) thrown at [C:\re\workspace\8-2-build-windows-i586-cygwin\jdk8u101\7261\hotspot\src\share\vm\runtime\sharedRuntime.cpp, line 605]
Event: 3.933 Thread 0x01213000 Exception <a 'java/lang/ArrayIndexOutOfBoundsException'> (0x0418d2b0) thrown at [C:\re\workspace\8-2-build-windows-i586-cygwin\jdk8u101\7261\hotspot\src\share\vm\runtime\sharedRuntime.cpp, line 605]
Event: 3.937 Thread 0x01213000 Exception <a 'java/lang/ArrayIndexOutOfBoundsException'> (0x041a2ac0) thrown at [C:\re\workspace\8-2-build-windows-i586-cygwin\jdk8u101\7261\hotspot\src\share\vm\runtime\sharedRuntime.cpp, line 605]
Event: 4.071 Thread 0x01213000 Exception <a 'java/lang/ArrayIndexOutOfBoundsException'> (0x04130ee0) thrown at [C:\re\workspace\8-2-build-windows-i586-cygwin\jdk8u101\7261\hotspot\src\share\vm\runtime\sharedRuntime.cpp, line 605]
Event: 4.071 Thread 0x01213000 Exception <a 'java/lang/ArrayIndexOutOfBoundsException'> (0x04132570) thrown at [C:\re\workspace\8-2-build-windows-i586-cygwin\jdk8u101\7261\hotspot\src\share\vm\runtime\sharedRuntime.cpp, line 605]
Event: 18.593 Thread 0x01213000 Exception <a 'java/lang/ArrayIndexOutOfBoundsException': 2> (0x03e88ca8) thrown at [C:\re\workspace\8-2-build-windows-i586-cygwin\jdk8u101\7261\hotspot\src\share\vm\interpreter\interpreterRuntime.cpp, line 366]
Event: 18.593 Thread 0x01213000 Exception <a 'java/lang/reflect/InvocationTargetException'> (0x03e88ea8) thrown at [C:\re\workspace\8-2-build-windows-i586-cygwin\jdk8u101\7261\hotspot\src\share\vm\runtime\reflection.cpp, line 1092]

Events (10 events):
Event: 237796.643 Executing VM operation: ChangeBreakpoints
Event: 237796.752 Executing VM operation: ChangeBreakpoints done
Event: 237796.754 Executing VM operation: ChangeBreakpoints
Event: 237796.754 Executing VM operation: ChangeBreakpoints done
Event: 237796.756 Thread 0x142c4c00 DEOPT PACKING pc=0x01e81c44 sp=0x1487e850
Event: 237796.756 Thread 0x142c4c00 DEOPT UNPACKING pc=0x01d9c5db sp=0x1487e6d4 mode 1
Event: 237796.758 Executing VM operation: RedefineClasses
Event: 237796.761 Executing VM operation: RedefineClasses done
Event: 237796.839 Executing VM operation: GetOrSetLocal
Event: 237796.839 Executing VM operation: GetOrSetLocal done


Dynamic libraries:
0x00370000 - 0x003a3000 	C:\Program Files\Java\jdk1.8.0_101\bin\java.exe
0x77740000 - 0x7787c000 	C:\Windows\SYSTEM32\ntdll.dll
0x76e10000 - 0x76ee4000 	C:\Windows\system32\kernel32.dll
0x75b20000 - 0x75b6a000 	C:\Windows\system32\KERNELBASE.dll
0x76b40000 - 0x76be0000 	C:\Windows\system32\ADVAPI32.dll
0x76d60000 - 0x76e0c000 	C:\Windows\system32\msvcrt.dll
0x75b90000 - 0x75ba9000 	C:\Windows\SYSTEM32\sechost.dll
0x76cb0000 - 0x76d51000 	C:\Windows\system32\RPCRT4.dll
0x77100000 - 0x771c9000 	C:\Windows\system32\USER32.dll
0x76a60000 - 0x76aae000 	C:\Windows\system32\GDI32.dll
0x76ca0000 - 0x76caa000 	C:\Windows\system32\LPK.dll
0x75d60000 - 0x75dfd000 	C:\Windows\system32\USP10.dll
0x73e10000 - 0x73fae000 	C:\Windows\WinSxS\x86_microsoft.windows.common-controls_6595b64144ccf1df_6.0.7600.16385_none_421189da2b7fabfc\COMCTL32.dll
0x75bb0000 - 0x75c07000 	C:\Windows\system32\SHLWAPI.dll
0x77880000 - 0x7789f000 	C:\Windows\system32\IMM32.DLL
0x77670000 - 0x7773c000 	C:\Windows\system32\MSCTF.dll
0x78080000 - 0x7813f000 	C:\Program Files\Java\jdk1.8.0_101\jre\bin\msvcr100.dll
0x6d200000 - 0x6d5cc000 	C:\Program Files\Java\jdk1.8.0_101\jre\bin\client\jvm.dll
0x710e0000 - 0x710e7000 	C:\Windows\system32\WSOCK32.dll
0x778b0000 - 0x778e5000 	C:\Windows\system32\WS2_32.dll
0x75d50000 - 0x75d56000 	C:\Windows\system32\NSI.dll
0x701b0000 - 0x701e2000 	C:\Windows\system32\WINMM.dll
0x75230000 - 0x75239000 	C:\Windows\system32\VERSION.dll
0x75e00000 - 0x75e05000 	C:\Windows\system32\PSAPI.DLL
0x700e0000 - 0x700ec000 	C:\Program Files\Java\jdk1.8.0_101\jre\bin\verify.dll
0x6d8f0000 - 0x6d911000 	C:\Program Files\Java\jdk1.8.0_101\jre\bin\java.dll
0x6db60000 - 0x6db89000 	C:\Program Files\Java\jdk1.8.0_101\jre\bin\jdwp.dll
0x6f150000 - 0x6f157000 	C:\Program Files\Java\jdk1.8.0_101\jre\bin\npt.dll
0x6d180000 - 0x6d1a0000 	C:\Program Files\Java\jdk1.8.0_101\jre\bin\instrument.dll
0x6fc50000 - 0x6fc63000 	C:\Program Files\Java\jdk1.8.0_101\jre\bin\zip.dll
0x75e10000 - 0x76a59000 	C:\Windows\system32\SHELL32.dll
0x76fa0000 - 0x770fc000 	C:\Windows\system32\ole32.dll
0x75890000 - 0x7589b000 	C:\Windows\system32\profapi.dll
0x6cb50000 - 0x6cb58000 	C:\Program Files\Java\jdk1.8.0_101\jre\bin\dt_socket.dll
0x75090000 - 0x750cc000 	C:\Windows\system32\mswsock.dll
0x74300000 - 0x74305000 	C:\Windows\System32\wshtcpip.dll
0x6fe40000 - 0x6fe56000 	C:\Program Files\Java\jdk1.8.0_101\jre\bin\net.dll
0x754e0000 - 0x754e6000 	C:\Windows\System32\wship6.dll
0x750d0000 - 0x750e6000 	C:\Windows\system32\CRYPTSP.dll
0x74e60000 - 0x74e9b000 	C:\Windows\system32\rsaenh.dll
0x753b0000 - 0x753c7000 	C:\Windows\system32\USERENV.dll
0x75810000 - 0x7581c000 	C:\Windows\system32\CRYPTBASE.dll
0x746b0000 - 0x746cc000 	C:\Windows\system32\IPHLPAPI.DLL
0x74d20000 - 0x74d27000 	C:\Windows\system32\WINNSI.DLL
0x72a90000 - 0x72aa2000 	C:\Windows\system32\dhcpcsvc.DLL
0x72a80000 - 0x72a8d000 	C:\Windows\system32\dhcpcsvc6.DLL
0x6f4d0000 - 0x6f4df000 	C:\Program Files\Java\jdk1.8.0_101\jre\bin\nio.dll
0x74f60000 - 0x74fa4000 	C:\Windows\system32\DNSAPI.dll
0x70d20000 - 0x70d26000 	C:\Windows\system32\rasadhlp.dll
0x72b80000 - 0x72bb8000 	C:\Windows\System32\fwpuclnt.dll
0x6f8e0000 - 0x6f900000 	C:\Program Files\Java\jdk1.8.0_101\jre\bin\sunec.dll
0x757c0000 - 0x7580b000 	C:\Windows\system32\apphelp.dll
0x72d90000 - 0x72e7b000 	C:\Windows\system32\dbghelp.dll

VM Arguments:
jvm_args: -agentlib:jdwp=transport=dt_socket,address=127.0.0.1:55909,suspend=y,server=n -ea -javaagent:C:\Users\Антон\.IdeaIC2016\system\groovyHotSwap\gragent.jar -Didea.testng.sm_runner -Dfile.encoding=UTF-8 
java_command: org.testng.RemoteTestNGStarter -port 55907 -usedefaultlisteners false -socket55908 @w@C:\Users\Антон\AppData\Local\Temp\idea_working_dirs_testng151.tmp -temp C:\Users\Антон\AppData\Local\Temp\idea_testng551.tmp
java_class_path (initial): C:\Program Files\JetBrains\IntelliJ IDEA Community Edition 2016.1.4\lib\idea_rt.jar;C:\Program Files\JetBrains\IntelliJ IDEA Community Edition 2016.1.4\plugins\testng\lib\testng-plugin.jar;C:\Program Files\Java\jdk1.8.0_101\jre\lib\charsets.jar;C:\Program Files\Java\jdk1.8.0_101\jre\lib\deploy.jar;C:\Program Files\Java\jdk1.8.0_101\jre\lib\javaws.jar;C:\Program Files\Java\jdk1.8.0_101\jre\lib\jce.jar;C:\Program Files\Java\jdk1.8.0_101\jre\lib\jfr.jar;C:\Program Files\Java\jdk1.8.0_101\jre\lib\jfxswt.jar;C:\Program Files\Java\jdk1.8.0_101\jre\lib\jsse.jar;C:\Program Files\Java\jdk1.8.0_101\jre\lib\management-agent.jar;C:\Program Files\Java\jdk1.8.0_101\jre\lib\plugin.jar;C:\Program Files\Java\jdk1.8.0_101\jre\lib\resources.jar;C:\Program Files\Java\jdk1.8.0_101\jre\lib\rt.jar;C:\Program Files\Java\jdk1.8.0_101\jre\lib\ext\access-bridge.jar;C:\Program Files\Java\jdk1.8.0_101\jre\lib\ext\cldrdata.jar;C:\Program Files\Java\jdk1.8.0_101\jre\lib\ext\dnsns.jar;C:\Program Files\Java\jdk1.8.0_101\jre\lib\ext\jaccess.jar;C:\Program Files\Java\jdk1.8.0_101\jre\lib\ext\jfxrt.jar;C:\Program Files\Java\jdk1.8.0_101\jre\lib\ext\localedata.jar;C:\Program Files\Java\jdk1.8.0_101\jre\lib\ext\nashorn.jar;C:\Program Files\Java\jdk1.8.0_101\jre\lib\ext\sunec.jar;C:\Program Files\Java\jdk1.8.0_101\jre\lib\ext\sunjce_provider.jar;C:\Program Files\Java\jdk1.8.0_101\jre\lib\ext\sunmscapi.jar;C:\Program Files\Java\jdk1.8.0_101\jre\lib\ext\sunpkcs11.jar;C:\Program Files\Java\jdk1.8.0_101\jre\lib\ext\zipfs.jar;C:\Users\Антон\Downloads\Java-course\java_courses\addressbookWebTests\build\classes\test;C:\Users\Антон\Downloads\Java-course\java_courses\addressbookWebTests\build\classes\main;C:\Users\Антон\.gradle\caches\modules-2\files-2.1\org.testng\testng\6.9.10\6feb3e964aeb7097aff30c372aac3ec0f8d87ede\testng-6.9.10.jar;C:\Users\Антон\.gradle\caches\modules-2\files-2.1\org.seleniumhq.selenium\selenium-java\2.53.1\d90f85f4f389aa78b2d207ca1bfcca3fdefb71f0\selenium-java-2
Launcher Type: SUN_STANDARD

Environment Variables:
JAVA_HOME=C:\Program Files\Java\jdk1.7.0_79
PATH=C:\Program Files\Java\jdk1.7.0_79\bin;C:\ProgramData\Oracle\Java\javapath;D:\app\Антон\product\11.2.0\dbhome_1\bin;C:\Windows\system32;C:\Windows;C:\Windows\System32\Wbem;C:\Windows\System32\WindowsPowerShell\v1.0\;C:\Program Files\ATI Technologies\ATI.ACE\Core-Static;C:\Program Files\Skype\Phone\
USERNAME=Антон
OS=Windows_NT
PROCESSOR_IDENTIFIER=x86 Family 6 Model 37 Stepping 2, GenuineIntel



---------------  S Y S T E M  ---------------

OS: Windows 7 Build 7600 (6.1.7600.16385)

CPU:total 2 (2 cores per cpu, 1 threads per core) family 6 model 37 stepping 2, cmov, cx8, fxsr, mmx, sse, sse2, sse3, ssse3, popcnt, tsc, tscinvbit

Memory: 4k page, physical 2545520k(273876k free), swap 6586256k(758812k free)

vm_info: Java HotSpot(TM) Client VM (25.101-b13) for windows-x86 JRE (1.8.0_101-b13), built on Jun 22 2016 00:45:44 by "java_re" with MS VC++ 10.0 (VS2010)

time: Fri Sep 23 17:35:47 2016
elapsed time: 237797 seconds (2d 18h 3m 17s)

