#
# A fatal error has been detected by the Java Runtime Environment:
#
#  EXCEPTION_ACCESS_VIOLATION (0xc0000005) at pc=0x51e4bafd, pid=18048, tid=0x00002878
#
# JRE version: Java(TM) SE Runtime Environment (8.0_101-b13) (build 1.8.0_101-b13)
# Java VM: Java HotSpot(TM) Client VM (25.101-b13 mixed mode windows-x86 )
# Problematic frame:
# V  [jvm.dll+0xcbafd]
#
# Failed to write core dump. Minidumps are not enabled by default on client versions of Windows
#
# If you would like to submit a bug report, please visit:
#   http://bugreport.java.com/bugreport/crash.jsp
#

---------------  T H R E A D  ---------------

Current thread (0x144bbc00):  JavaThread "JDWP Transport Listener: dt_socket" daemon [_thread_in_vm, id=10360, stack(0x147a0000,0x147f0000)]

siginfo: ExceptionCode=0xc0000005, reading address 0x0000005d

Registers:
EAX=0x0000005d, EBX=0x00000000, ECX=0x0000005d, EDX=0x00000000
ESP=0x147ef468, EBP=0x147ef46c, ESI=0x144bbc00, EDI=0x0010bac0
EIP=0x51e4bafd, EFLAGS=0x00010202

Top of Stack: (sp=0x147ef468)
0x147ef468:   144bbc00 147ef494 51fa9754 0000005d
0x147ef478:   147ef54c 147ef4cf 144bbc00 00000000
0x147ef488:   00000000 00000000 144bbc00 147ef4d0
0x147ef498:   6dd39f80 0010bac0 0000005d 147ef4cf
0x147ef4a8:   0000005d 6dd2436d 0000005d 147ef4cf
0x147ef4b8:   00000002 00000000 00000000 f000100a
0x147ef4c8:   00000000 01c42090 147ef4f0 6dd244e0
0x147ef4d8:   00000001 147ef50c 147ef548 155d3c50 

Instructions: (pc=0x51e4bafd)
0x51e4badd:   5d c3 52 e8 5b f9 ff ff 5d c3 cc cc cc cc cc cc
0x51e4baed:   cc cc cc 55 8b ec 8b 45 08 85 c0 75 02 5d c3 56
0x51e4bafd:   8b 30 85 f6 74 17 83 fe 37 74 12 8b 06 8b 50 08
0x51e4bb0d:   8b ce ff d2 84 c0 74 05 8b c6 5e 5d c3 33 c0 5e 


Register to memory mapping:

EAX=0x0000005d is an unknown value
EBX=0x00000000 is an unknown value
ECX=0x0000005d is an unknown value
EDX=0x00000000 is an unknown value
ESP=0x147ef468 is pointing into the stack for thread: 0x144bbc00
EBP=0x147ef46c is pointing into the stack for thread: 0x144bbc00
ESI=0x144bbc00 is a thread
EDI=0x0010bac0 is an unknown value


Stack: [0x147a0000,0x147f0000],  sp=0x147ef468,  free space=317k
Native frames: (J=compiled Java code, j=interpreted, Vv=VM code, C=native code)
V  [jvm.dll+0xcbafd]
V  [jvm.dll+0x229754]
C  [jdwp.dll+0x19f80]
C  [jdwp.dll+0x44e0]
C  [jdwp.dll+0x451e]
C  0x56292803


---------------  P R O C E S S  ---------------

Java Threads: ( => current thread )
  0x155d4c00 JavaThread "Exec Stream Pumper" daemon [_thread_blocked, id=13924, stack(0x15f20000,0x15f70000)]
  0x155d4400 JavaThread "Exec Stream Pumper" daemon [_thread_blocked, id=17624, stack(0x03ea0000,0x03ef0000)]
  0x155d2c00 JavaThread "Exec Default Executor" daemon [_thread_blocked, id=10444, stack(0x14e80000,0x14ed0000)]
  0x14ad8000 JavaThread "Service Thread" daemon [_thread_blocked, id=19672, stack(0x14e20000,0x14e70000)]
  0x14a6dc00 JavaThread "C1 CompilerThread0" daemon [_thread_blocked, id=13948, stack(0x14ee0000,0x14f30000)]
  0x144ccc00 JavaThread "JDWP Command Reader" daemon [_thread_in_native, id=1332, stack(0x149b0000,0x14a00000)]
  0x144c7000 JavaThread "JDWP Event Helper Thread" daemon [_thread_blocked, id=16304, stack(0x14900000,0x14950000)]
=>0x144bbc00 JavaThread "JDWP Transport Listener: dt_socket" daemon [_thread_in_vm, id=10360, stack(0x147a0000,0x147f0000)]
  0x144c1000 JavaThread "Attach Listener" daemon [_thread_blocked, id=15900, stack(0x14850000,0x148a0000)]
  0x144c0400 JavaThread "Signal Dispatcher" daemon [_thread_blocked, id=12452, stack(0x03f90000,0x03fe0000)]
  0x1449f400 JavaThread "Finalizer" daemon [_thread_blocked, id=19468, stack(0x03ef0000,0x03f40000)]
  0x14478c00 JavaThread "Reference Handler" daemon [_thread_blocked, id=14796, stack(0x03e50000,0x03ea0000)]
  0x00ae3000 JavaThread "main" [_thread_blocked, id=14976, stack(0x00360000,0x003b0000)]

Other Threads:
  0x14472800 VMThread [stack: 0x14660000,0x146b0000] [id=12624]
  0x14aed400 WatcherThread [stack: 0x15050000,0x150a0000] [id=11232]

VM state:not at safepoint (normal execution)

VM Mutex/Monitor currently owned by a thread: None

Heap:
 def new generation   total 4928K, used 1792K [0x04000000, 0x04550000, 0x09550000)
  eden space 4416K,  35% used [0x04000000, 0x04186068, 0x04450000)
  from space 512K,  45% used [0x044d0000, 0x0450a1e8, 0x04550000)
  to   space 512K,   0% used [0x04450000, 0x04450000, 0x044d0000)
 tenured generation   total 10944K, used 4597K [0x09550000, 0x0a000000, 0x14000000)
   the space 10944K,  42% used [0x09550000, 0x099cd710, 0x099cd800, 0x0a000000)
 Metaspace       used 9183K, capacity 9339K, committed 9344K, reserved 9600K

Card table byte_map: [0x00600000,0x00690000] byte_map_base: 0x005e0000

Polling page: 0x00150000

CodeCache: size=32768Kb used=1410Kb max_used=1410Kb free=31357Kb
 bounds [0x01e10000, 0x01f78000, 0x03e10000]
 total_blobs=673 nmethods=509 adapters=103
 compilation: enabled

Compilation events (10 events):
Event: 46.444 Thread 0x14a6dc00  510             java.lang.ThreadLocal$ThreadLocalMap::getEntry (42 bytes)
Event: 46.444 Thread 0x14a6dc00 nmethod 510 0x01f6fd48 code [0x01f6fe50, 0x01f6ff4c]
Event: 46.445 Thread 0x14a6dc00  511             java.lang.String::compareTo (9 bytes)
Event: 46.445 Thread 0x14a6dc00 nmethod 511 0x01f70088 code [0x01f70190, 0x01f7024c]
Event: 46.504 Thread 0x14a6dc00  512             org.apache.http.message.HeaderGroup::getFirstHeader (52 bytes)
Event: 46.505 Thread 0x14a6dc00 nmethod 512 0x01f702c8 code [0x01f70400, 0x01f705a0]
Event: 46.518 Thread 0x14a6dc00  513             java.lang.ThreadLocal::getMap (5 bytes)
Event: 46.518 Thread 0x14a6dc00 nmethod 513 0x01f70708 code [0x01f70800, 0x01f70880]
Event: 46.593 Thread 0x14a6dc00  514             org.apache.http.message.ParserCursor::getPos (5 bytes)
Event: 46.593 Thread 0x14a6dc00 nmethod 514 0x01f70908 code [0x01f70a00, 0x01f70a80]

GC Heap History (10 events):
Event: 3.462 GC heap before
{Heap before GC invocations=10 (full 0):
 def new generation   total 4928K, used 4797K [0x04000000, 0x04550000, 0x09550000)
  eden space 4416K, 100% used [0x04000000, 0x04450000, 0x04450000)
  from space 512K,  74% used [0x04450000, 0x044af488, 0x044d0000)
  to   space 512K,   0% used [0x044d0000, 0x044d0000, 0x04550000)
 tenured generation   total 10944K, used 4151K [0x09550000, 0x0a000000, 0x14000000)
   the space 10944K,  37% used [0x09550000, 0x0995ddf0, 0x0995de00, 0x0a000000)
 Metaspace       used 8009K, capacity 8155K, committed 8192K, reserved 8576K
Event: 3.466 GC heap after
Heap after GC invocations=11 (full 0):
 def new generation   total 4928K, used 512K [0x04000000, 0x04550000, 0x09550000)
  eden space 4416K,   0% used [0x04000000, 0x04000000, 0x04450000)
  from space 512K, 100% used [0x044d0000, 0x04550000, 0x04550000)
  to   space 512K,   0% used [0x04450000, 0x04450000, 0x044d0000)
 tenured generation   total 10944K, used 4211K [0x09550000, 0x0a000000, 0x14000000)
   the space 10944K,  38% used [0x09550000, 0x0996ce90, 0x0996d000, 0x0a000000)
 Metaspace       used 8009K, capacity 8155K, committed 8192K, reserved 8576K
}
Event: 3.614 GC heap before
{Heap before GC invocations=11 (full 0):
 def new generation   total 4928K, used 4928K [0x04000000, 0x04550000, 0x09550000)
  eden space 4416K, 100% used [0x04000000, 0x04450000, 0x04450000)
  from space 512K, 100% used [0x044d0000, 0x04550000, 0x04550000)
  to   space 512K,   0% used [0x04450000, 0x04450000, 0x044d0000)
 tenured generation   total 10944K, used 4211K [0x09550000, 0x0a000000, 0x14000000)
   the space 10944K,  38% used [0x09550000, 0x0996ce90, 0x0996d000, 0x0a000000)
 Metaspace       used 8361K, capacity 8539K, committed 8576K, reserved 8576K
Event: 3.617 GC heap after
Heap after GC invocations=12 (full 0):
 def new generation   total 4928K, used 436K [0x04000000, 0x04550000, 0x09550000)
  eden space 4416K,   0% used [0x04000000, 0x04000000, 0x04450000)
  from space 512K,  85% used [0x04450000, 0x044bd320, 0x044d0000)
  to   space 512K,   0% used [0x044d0000, 0x044d0000, 0x04550000)
 tenured generation   total 10944K, used 4400K [0x09550000, 0x0a000000, 0x14000000)
   the space 10944K,  40% used [0x09550000, 0x0999c038, 0x0999c200, 0x0a000000)
 Metaspace       used 8361K, capacity 8539K, committed 8576K, reserved 8576K
}
Event: 3.729 GC heap before
{Heap before GC invocations=12 (full 0):
 def new generation   total 4928K, used 4852K [0x04000000, 0x04550000, 0x09550000)
  eden space 4416K, 100% used [0x04000000, 0x04450000, 0x04450000)
  from space 512K,  85% used [0x04450000, 0x044bd320, 0x044d0000)
  to   space 512K,   0% used [0x044d0000, 0x044d0000, 0x04550000)
 tenured generation   total 10944K, used 4400K [0x09550000, 0x0a000000, 0x14000000)
   the space 10944K,  40% used [0x09550000, 0x0999c038, 0x0999c200, 0x0a000000)
 Metaspace       used 8665K, capacity 8827K, committed 8832K, reserved 9600K
Event: 3.732 GC heap after
Heap after GC invocations=13 (full 0):
 def new generation   total 4928K, used 441K [0x04000000, 0x04550000, 0x09550000)
  eden space 4416K,   0% used [0x04000000, 0x04000000, 0x04450000)
  from space 512K,  86% used [0x044d0000, 0x0453e7c8, 0x04550000)
  to   space 512K,   0% used [0x04450000, 0x04450000, 0x044d0000)
 tenured generation   total 10944K, used 4469K [0x09550000, 0x0a000000, 0x14000000)
   the space 10944K,  40% used [0x09550000, 0x099ad470, 0x099ad600, 0x0a000000)
 Metaspace       used 8665K, capacity 8827K, committed 8832K, reserved 9600K
}
Event: 7.297 GC heap before
{Heap before GC invocations=13 (full 0):
 def new generation   total 4928K, used 4857K [0x04000000, 0x04550000, 0x09550000)
  eden space 4416K, 100% used [0x04000000, 0x04450000, 0x04450000)
  from space 512K,  86% used [0x044d0000, 0x0453e7c8, 0x04550000)
  to   space 512K,   0% used [0x04450000, 0x04450000, 0x044d0000)
 tenured generation   total 10944K, used 4469K [0x09550000, 0x0a000000, 0x14000000)
   the space 10944K,  40% used [0x09550000, 0x099ad470, 0x099ad600, 0x0a000000)
 Metaspace       used 8962K, capacity 9115K, committed 9216K, reserved 9600K
Event: 7.301 GC heap after
Heap after GC invocations=14 (full 0):
 def new generation   total 4928K, used 402K [0x04000000, 0x04550000, 0x09550000)
  eden space 4416K,   0% used [0x04000000, 0x04000000, 0x04450000)
  from space 512K,  78% used [0x04450000, 0x044b4b80, 0x044d0000)
  to   space 512K,   0% used [0x044d0000, 0x044d0000, 0x04550000)
 tenured generation   total 10944K, used 4538K [0x09550000, 0x0a000000, 0x14000000)
   the space 10944K,  41% used [0x09550000, 0x099bea10, 0x099bec00, 0x0a000000)
 Metaspace       used 8962K, capacity 9115K, committed 9216K, reserved 9600K
}
Event: 45.782 GC heap before
{Heap before GC invocations=14 (full 0):
 def new generation   total 4928K, used 4818K [0x04000000, 0x04550000, 0x09550000)
  eden space 4416K, 100% used [0x04000000, 0x04450000, 0x04450000)
  from space 512K,  78% used [0x04450000, 0x044b4b80, 0x044d0000)
  to   space 512K,   0% used [0x044d0000, 0x044d0000, 0x04550000)
 tenured generation   total 10944K, used 4538K [0x09550000, 0x0a000000, 0x14000000)
   the space 10944K,  41% used [0x09550000, 0x099bea10, 0x099bec00, 0x0a000000)
 Metaspace       used 9123K, capacity 9275K, committed 9344K, reserved 9600K
Event: 45.785 GC heap after
Heap after GC invocations=15 (full 0):
 def new generation   total 4928K, used 232K [0x04000000, 0x04550000, 0x09550000)
  eden space 4416K,   0% used [0x04000000, 0x04000000, 0x04450000)
  from space 512K,  45% used [0x044d0000, 0x0450a1e8, 0x04550000)
  to   space 512K,   0% used [0x04450000, 0x04450000, 0x044d0000)
 tenured generation   total 10944K, used 4597K [0x09550000, 0x0a000000, 0x14000000)
   the space 10944K,  42% used [0x09550000, 0x099cd710, 0x099cd800, 0x0a000000)
 Metaspace       used 9123K, capacity 9275K, committed 9344K, reserved 9600K
}

Deoptimization events (0 events):
No events

Internal exceptions (10 events):
Event: 2.199 Thread 0x00ae3000 Exception <a 'java/lang/NoSuchFieldError': method resolution failed> (0x0409c650) thrown at [C:\re\workspace\8-2-build-windows-i586-cygwin\jdk8u101\7261\hotspot\src\share\vm\prims\methodHandles.cpp, line 1146]
Event: 3.415 Thread 0x155d6400 Exception <a 'java/net/SocketTimeoutException': connect timed out> (0x042d72d0) thrown at [C:\re\workspace\8-2-build-windows-i586-cygwin\jdk8u101\7261\hotspot\src\share\vm\prims\jni.cpp, line 735]
Event: 3.598 Thread 0x00ae3000 Exception <a 'java/lang/ArrayIndexOutOfBoundsException'> (0x043dbae0) thrown at [C:\re\workspace\8-2-build-windows-i586-cygwin\jdk8u101\7261\hotspot\src\share\vm\runtime\sharedRuntime.cpp, line 605]
Event: 3.599 Thread 0x00ae3000 Exception <a 'java/lang/ArrayIndexOutOfBoundsException'> (0x043dcc78) thrown at [C:\re\workspace\8-2-build-windows-i586-cygwin\jdk8u101\7261\hotspot\src\share\vm\runtime\sharedRuntime.cpp, line 605]
Event: 3.601 Thread 0x00ae3000 Exception <a 'java/lang/ArrayIndexOutOfBoundsException'> (0x043e7c28) thrown at [C:\re\workspace\8-2-build-windows-i586-cygwin\jdk8u101\7261\hotspot\src\share\vm\runtime\sharedRuntime.cpp, line 605]
Event: 3.601 Thread 0x00ae3000 Exception <a 'java/lang/ArrayIndexOutOfBoundsException'> (0x043e9508) thrown at [C:\re\workspace\8-2-build-windows-i586-cygwin\jdk8u101\7261\hotspot\src\share\vm\runtime\sharedRuntime.cpp, line 605]
Event: 3.602 Thread 0x00ae3000 Exception <a 'java/lang/ArrayIndexOutOfBoundsException'> (0x043ea990) thrown at [C:\re\workspace\8-2-build-windows-i586-cygwin\jdk8u101\7261\hotspot\src\share\vm\runtime\sharedRuntime.cpp, line 605]
Event: 3.605 Thread 0x00ae3000 Exception <a 'java/lang/ArrayIndexOutOfBoundsException'> (0x043ffe78) thrown at [C:\re\workspace\8-2-build-windows-i586-cygwin\jdk8u101\7261\hotspot\src\share\vm\runtime\sharedRuntime.cpp, line 605]
Event: 3.710 Thread 0x00ae3000 Exception <a 'java/lang/ArrayIndexOutOfBoundsException'> (0x0438bd08) thrown at [C:\re\workspace\8-2-build-windows-i586-cygwin\jdk8u101\7261\hotspot\src\share\vm\runtime\sharedRuntime.cpp, line 605]
Event: 3.710 Thread 0x00ae3000 Exception <a 'java/lang/ArrayIndexOutOfBoundsException'> (0x0438d398) thrown at [C:\re\workspace\8-2-build-windows-i586-cygwin\jdk8u101\7261\hotspot\src\share\vm\runtime\sharedRuntime.cpp, line 605]

Events (10 events):
Event: 444498.026 Executing VM operation: ChangeBreakpoints
Event: 444499.085 Executing VM operation: ChangeBreakpoints done
Event: 445650.423 Executing VM operation: ChangeBreakpoints
Event: 445652.152 Executing VM operation: ChangeBreakpoints done
Event: 445653.086 Thread 0x144bbc00 DEOPT PACKING pc=0x01f32104 sp=0x147ee8c0
Event: 445653.168 Thread 0x144bbc00 DEOPT UNPACKING pc=0x01e4c5db sp=0x147ee744 mode 1
Event: 445654.279 Executing VM operation: RedefineClasses
Event: 445700.378 Executing VM operation: RedefineClasses done
Event: 445700.538 Executing VM operation: GetOrSetLocal
Event: 445700.788 Executing VM operation: GetOrSetLocal done


Dynamic libraries:
0x00f00000 - 0x00f33000 	C:\Program Files\Java\jdk1.8.0_101\bin\java.exe
0x77b00000 - 0x77c3c000 	C:\Windows\SYSTEM32\ntdll.dll
0x762c0000 - 0x76394000 	C:\Windows\system32\kernel32.dll
0x75cd0000 - 0x75d1a000 	C:\Windows\system32\KERNELBASE.dll
0x76820000 - 0x768c0000 	C:\Windows\system32\ADVAPI32.dll
0x76480000 - 0x7652c000 	C:\Windows\system32\msvcrt.dll
0x77c40000 - 0x77c59000 	C:\Windows\SYSTEM32\sechost.dll
0x763c0000 - 0x76461000 	C:\Windows\system32\RPCRT4.dll
0x766c0000 - 0x76789000 	C:\Windows\system32\USER32.dll
0x76530000 - 0x7657e000 	C:\Windows\system32\GDI32.dll
0x76080000 - 0x7608a000 	C:\Windows\system32\LPK.dll
0x768c0000 - 0x7695d000 	C:\Windows\system32\USP10.dll
0x74b60000 - 0x74cfe000 	C:\Windows\WinSxS\x86_microsoft.windows.common-controls_6595b64144ccf1df_6.0.7600.16385_none_421189da2b7fabfc\COMCTL32.dll
0x75f50000 - 0x75fa7000 	C:\Windows\system32\SHLWAPI.dll
0x763a0000 - 0x763bf000 	C:\Windows\system32\IMM32.DLL
0x75fb0000 - 0x7607c000 	C:\Windows\system32\MSCTF.dll
0x6a4b0000 - 0x6a56f000 	C:\Program Files\Java\jdk1.8.0_101\jre\bin\msvcr100.dll
0x51d80000 - 0x5214c000 	C:\Program Files\Java\jdk1.8.0_101\jre\bin\client\jvm.dll
0x72030000 - 0x72037000 	C:\Windows\system32\WSOCK32.dll
0x77c60000 - 0x77c95000 	C:\Windows\system32\WS2_32.dll
0x76960000 - 0x76966000 	C:\Windows\system32\NSI.dll
0x70f50000 - 0x70f82000 	C:\Windows\system32\WINMM.dll
0x751c0000 - 0x751c9000 	C:\Windows\system32\VERSION.dll
0x76470000 - 0x76475000 	C:\Windows\system32\PSAPI.DLL
0x73b30000 - 0x73b3c000 	C:\Program Files\Java\jdk1.8.0_101\jre\bin\verify.dll
0x6df20000 - 0x6df41000 	C:\Program Files\Java\jdk1.8.0_101\jre\bin\java.dll
0x6dd20000 - 0x6dd49000 	C:\Program Files\Java\jdk1.8.0_101\jre\bin\jdwp.dll
0x71f70000 - 0x71f77000 	C:\Program Files\Java\jdk1.8.0_101\jre\bin\npt.dll
0x6e370000 - 0x6e390000 	C:\Program Files\Java\jdk1.8.0_101\jre\bin\instrument.dll
0x6fff0000 - 0x70003000 	C:\Program Files\Java\jdk1.8.0_101\jre\bin\zip.dll
0x76d50000 - 0x77999000 	C:\Windows\system32\SHELL32.dll
0x779a0000 - 0x77afc000 	C:\Windows\system32\ole32.dll
0x75c50000 - 0x75c5b000 	C:\Windows\system32\profapi.dll
0x6e510000 - 0x6e518000 	C:\Program Files\Java\jdk1.8.0_101\jre\bin\dt_socket.dll
0x756c0000 - 0x756fc000 	C:\Windows\system32\mswsock.dll
0x75250000 - 0x75255000 	C:\Windows\System32\wshtcpip.dll
0x6e320000 - 0x6e336000 	C:\Program Files\Java\jdk1.8.0_101\jre\bin\net.dll
0x756b0000 - 0x756b6000 	C:\Windows\System32\wship6.dll
0x75700000 - 0x75716000 	C:\Windows\system32\CRYPTSP.dll
0x754a0000 - 0x754db000 	C:\Windows\system32\rsaenh.dll
0x75320000 - 0x75337000 	C:\Windows\system32\USERENV.dll
0x75bd0000 - 0x75bdc000 	C:\Windows\system32\CRYPTBASE.dll
0x73b50000 - 0x73b6c000 	C:\Windows\system32\IPHLPAPI.DLL
0x73b40000 - 0x73b47000 	C:\Windows\system32\WINNSI.DLL
0x720f0000 - 0x72102000 	C:\Windows\system32\dhcpcsvc.DLL
0x71a80000 - 0x71a8d000 	C:\Windows\system32\dhcpcsvc6.DLL
0x70e70000 - 0x70e7f000 	C:\Program Files\Java\jdk1.8.0_101\jre\bin\nio.dll
0x75580000 - 0x755c4000 	C:\Windows\system32\DNSAPI.dll
0x70e10000 - 0x70e16000 	C:\Windows\system32\rasadhlp.dll
0x71aa0000 - 0x71ad8000 	C:\Windows\System32\fwpuclnt.dll
0x6dea0000 - 0x6dec0000 	C:\Program Files\Java\jdk1.8.0_101\jre\bin\sunec.dll
0x75b80000 - 0x75bcb000 	C:\Windows\system32\apphelp.dll
0x737b0000 - 0x7389b000 	C:\Windows\system32\dbghelp.dll

VM Arguments:
jvm_args: -agentlib:jdwp=transport=dt_socket,address=127.0.0.1:64259,suspend=y,server=n -ea -javaagent:C:\Users\Антон\.IdeaIC2016\system\groovyHotSwap\gragent.jar -Didea.testng.sm_runner -Dfile.encoding=UTF-8 
java_command: org.testng.RemoteTestNGStarter -port 64257 -usedefaultlisteners false -socket64258 @w@C:\Users\Антон\AppData\Local\Temp\idea_working_dirs_testng780.tmp -temp C:\Users\Антон\AppData\Local\Temp\idea_testng211.tmp
java_class_path (initial): C:\Program Files\JetBrains\IntelliJ IDEA Community Edition 2016.1.4\lib\idea_rt.jar;C:\Program Files\JetBrains\IntelliJ IDEA Community Edition 2016.1.4\plugins\testng\lib\testng-plugin.jar;C:\Program Files\Java\jdk1.8.0_101\jre\lib\charsets.jar;C:\Program Files\Java\jdk1.8.0_101\jre\lib\deploy.jar;C:\Program Files\Java\jdk1.8.0_101\jre\lib\javaws.jar;C:\Program Files\Java\jdk1.8.0_101\jre\lib\jce.jar;C:\Program Files\Java\jdk1.8.0_101\jre\lib\jfr.jar;C:\Program Files\Java\jdk1.8.0_101\jre\lib\jfxswt.jar;C:\Program Files\Java\jdk1.8.0_101\jre\lib\jsse.jar;C:\Program Files\Java\jdk1.8.0_101\jre\lib\management-agent.jar;C:\Program Files\Java\jdk1.8.0_101\jre\lib\plugin.jar;C:\Program Files\Java\jdk1.8.0_101\jre\lib\resources.jar;C:\Program Files\Java\jdk1.8.0_101\jre\lib\rt.jar;C:\Program Files\Java\jdk1.8.0_101\jre\lib\ext\access-bridge.jar;C:\Program Files\Java\jdk1.8.0_101\jre\lib\ext\cldrdata.jar;C:\Program Files\Java\jdk1.8.0_101\jre\lib\ext\dnsns.jar;C:\Program Files\Java\jdk1.8.0_101\jre\lib\ext\jaccess.jar;C:\Program Files\Java\jdk1.8.0_101\jre\lib\ext\jfxrt.jar;C:\Program Files\Java\jdk1.8.0_101\jre\lib\ext\localedata.jar;C:\Program Files\Java\jdk1.8.0_101\jre\lib\ext\nashorn.jar;C:\Program Files\Java\jdk1.8.0_101\jre\lib\ext\sunec.jar;C:\Program Files\Java\jdk1.8.0_101\jre\lib\ext\sunjce_provider.jar;C:\Program Files\Java\jdk1.8.0_101\jre\lib\ext\sunmscapi.jar;C:\Program Files\Java\jdk1.8.0_101\jre\lib\ext\sunpkcs11.jar;C:\Program Files\Java\jdk1.8.0_101\jre\lib\ext\zipfs.jar;C:\Users\Антон\Downloads\Java-course\java_courses\addressbookWebTests\build\classes\test;C:\Users\Антон\Downloads\Java-course\java_courses\addressbookWebTests\build\classes\main;C:\Users\Антон\.gradle\caches\modules-2\files-2.1\org.testng\testng\6.9.10\6feb3e964aeb7097aff30c372aac3ec0f8d87ede\testng-6.9.10.jar;C:\Users\Антон\.gradle\caches\modules-2\files-2.1\org.seleniumhq.selenium\selenium-java\2.53.1\d90f85f4f389aa78b2d207ca1bfcca3fdefb71f0\selenium-java-2
Launcher Type: SUN_STANDARD

Environment Variables:
JAVA_HOME=C:\Program Files\Java\jdk1.7.0_79
PATH=C:\Program Files\Google\Chrome\Application;C:\Program Files\Java\jdk1.7.0_79\bin;C:\ProgramData\Oracle\Java\javapath;D:\app\Антон\product\11.2.0\dbhome_1\bin;C:\Windows\system32;C:\Windows;C:\Windows\System32\Wbem;C:\Windows\System32\WindowsPowerShell\v1.0\;C:\Program Files\ATI Technologies\ATI.ACE\Core-Static;C:\Program Files\Skype\Phone\
USERNAME=Антон
OS=Windows_NT
PROCESSOR_IDENTIFIER=x86 Family 6 Model 37 Stepping 2, GenuineIntel



---------------  S Y S T E M  ---------------

OS: Windows 7 Build 7600 (6.1.7600.16385)

CPU:total 2 (2 cores per cpu, 1 threads per core) family 6 model 37 stepping 2, cmov, cx8, fxsr, mmx, sse, sse2, sse3, ssse3, popcnt, tsc, tscinvbit

Memory: 4k page, physical 2545520k(281196k free), swap 6734924k(1718580k free)

vm_info: Java HotSpot(TM) Client VM (25.101-b13) for windows-x86 JRE (1.8.0_101-b13), built on Jun 22 2016 00:45:44 by "java_re" with MS VC++ 10.0 (VS2010)

time: Thu Sep 08 21:57:37 2016
elapsed time: 445704 seconds (5d 3h 48m 24s)

