#
# A fatal error has been detected by the Java Runtime Environment:
#
#  EXCEPTION_ACCESS_VIOLATION (0xc0000005) at pc=0x77791ffe, pid=7944, tid=0x00001a10
#
# JRE version: Java(TM) SE Runtime Environment (8.0_101-b13) (build 1.8.0_101-b13)
# Java VM: Java HotSpot(TM) Client VM (25.101-b13 mixed mode windows-x86 )
# Problematic frame:
# C  [ntdll.dll+0x51ffe]
#
# Failed to write core dump. Minidumps are not enabled by default on client versions of Windows
#
# If you would like to submit a bug report, please visit:
#   http://bugreport.java.com/bugreport/crash.jsp
#

---------------  T H R E A D  ---------------

Current thread (0x142c4c00):  JavaThread "JDWP Transport Listener: dt_socket" daemon [_thread_in_vm, id=6672, stack(0x14990000,0x149e0000)]

siginfo: ExceptionCode=0xc0000005, reading address 0x2ca89aa3

Registers:
EAX=0x14ae4374, EBX=0x14ae2be8, ECX=0x00310000, EDX=0x14ae2be8
ESP=0x149df61c, EBP=0x149df650, ESI=0x2ca89a9f, EDI=0x14ae2be0
EIP=0x77791ffe, EFLAGS=0x00010206

Top of Stack: (sp=0x149df61c)
0x149df61c:   00000000 00310000 14ae2be8 6d2072d3
0x149df62c:   00000000 00310000 15536090 142c4c00
0x149df63c:   012c3088 03ea0002 00000610 14ae2b80
0x149df64c:   14ae2be0 149df668 77791faf 0031b8c0
0x149df65c:   142c4c00 000002e0 14ae2be0 149df67c
0x149df66c:   76e5f1ac 00310000 00000000 14ae2be8
0x149df67c:   149df690 7809016a 00310000 00000000
0x149df68c:   14ae2be8 149df6a0 6d361fe3 14ae2be8 

Instructions: (pc=0x77791ffe)
0x77791fde:   7a f8 80 7f 07 05 0f 84 58 df 03 00 8b 07 8b f7
0x77791fee:   c1 ee 03 33 f0 33 35 dc 71 81 77 89 7d fc 33 f1
0x77791ffe:   8b 46 04 89 45 f4 c6 47 07 80 c6 47 06 00 8b 5e
0x7779200e:   08 8b 4e 0c 89 5d e0 83 c3 01 89 4d e4 83 d1 01 


Register to memory mapping:

EAX=0x14ae4374 is an unknown value
EBX=0x14ae2be8 is an unknown value
ECX=0x00310000 is an unknown value
EDX=0x14ae2be8 is an unknown value
ESP=0x149df61c is pointing into the stack for thread: 0x142c4c00
EBP=0x149df650 is pointing into the stack for thread: 0x142c4c00
ESI=0x2ca89a9f is an unknown value
EDI=0x14ae2be0 is an unknown value


Stack: [0x14990000,0x149e0000],  sp=0x149df61c,  free space=317k
Native frames: (J=compiled Java code, j=interpreted, Vv=VM code, C=native code)
C  [ntdll.dll+0x51ffe]
C  [ntdll.dll+0x51faf]
C  [kernel32.dll+0x4f1ac]
C  [msvcr100.dll+0x1016a]
V  [jvm.dll+0x161fe3]
V  [jvm.dll+0x110df2]
V  [jvm.dll+0x22086d]
C  [jdwp.dll+0x1aa50]
C  [jdwp.dll+0x372b]
C  0x65636e61


---------------  P R O C E S S  ---------------

Java Threads: ( => current thread )
  0x154b7000 JavaThread "Exec Stream Pumper" daemon [_thread_in_native, id=6208, stack(0x15ef0000,0x15f40000)]
  0x154b6c00 JavaThread "Exec Stream Pumper" daemon [_thread_in_native, id=4028, stack(0x15e00000,0x15e50000)]
  0x154b1c00 JavaThread "Exec Default Executor" daemon [_thread_in_native, id=6456, stack(0x15d40000,0x15d90000)]
  0x14ac6000 JavaThread "Service Thread" daemon [_thread_blocked, id=6212, stack(0x14e30000,0x14e80000)]
  0x14a71400 JavaThread "C1 CompilerThread0" daemon [_thread_blocked, id=7128, stack(0x148e0000,0x14930000)]
  0x142c7c00 JavaThread "JDWP Command Reader" daemon [_thread_in_native, id=7500, stack(0x14890000,0x148e0000)]
  0x142c6c00 JavaThread "JDWP Event Helper Thread" daemon [_thread_blocked, id=7084, stack(0x03db0000,0x03e00000)]
=>0x142c4c00 JavaThread "JDWP Transport Listener: dt_socket" daemon [_thread_in_vm, id=6672, stack(0x14990000,0x149e0000)]
  0x142b5000 JavaThread "Attach Listener" daemon [_thread_blocked, id=7104, stack(0x146c0000,0x14710000)]
  0x142b4000 JavaThread "Signal Dispatcher" daemon [_thread_blocked, id=6388, stack(0x14780000,0x147d0000)]
  0x1429e400 JavaThread "Finalizer" daemon [_thread_blocked, id=6320, stack(0x144e0000,0x14530000)]
  0x14277c00 JavaThread "Reference Handler" daemon [_thread_blocked, id=5372, stack(0x14590000,0x145e0000)]
  0x01243000 JavaThread "main" [_thread_blocked, id=5908, stack(0x01340000,0x01390000)]

Other Threads:
  0x14270800 VMThread [stack: 0x14530000,0x14580000] [id=7004]
  0x14ada400 WatcherThread [stack: 0x14720000,0x14770000] [id=4456]

VM state:not at safepoint (normal execution)

VM Mutex/Monitor currently owned by a thread: None

Heap:
 def new generation   total 4928K, used 1301K [0x03e00000, 0x04350000, 0x09350000)
  eden space 4416K,  22% used [0x03e00000, 0x03ef9eb0, 0x04250000)
  from space 512K,  58% used [0x042d0000, 0x0431b628, 0x04350000)
  to   space 512K,   0% used [0x04250000, 0x04250000, 0x042d0000)
 tenured generation   total 10944K, used 4576K [0x09350000, 0x09e00000, 0x13e00000)
   the space 10944K,  41% used [0x09350000, 0x097c8178, 0x097c8200, 0x09e00000)
 Metaspace       used 9330K, capacity 9499K, committed 9600K, reserved 9600K

Card table byte_map: [0x03d00000,0x03d90000] byte_map_base: 0x03ce1000

Polling page: 0x00190000

CodeCache: size=32768Kb used=1398Kb max_used=1398Kb free=31370Kb
 bounds [0x01c80000, 0x01de0000, 0x03c80000]
 total_blobs=666 nmethods=490 adapters=115
 compilation: enabled

Compilation events (10 events):
Event: 61.844 Thread 0x14a71400  491             org.apache.http.message.BasicHeader::getName (5 bytes)
Event: 61.844 Thread 0x14a71400 nmethod 491 0x01ddc508 code [0x01ddc600, 0x01ddc680]
Event: 61.964 Thread 0x14a71400  492             java.util.regex.Pattern::has (15 bytes)
Event: 61.965 Thread 0x14a71400 nmethod 492 0x01ddc6c8 code [0x01ddc7c0, 0x01ddc860]
Event: 62.059 Thread 0x14a71400  493             java.util.Formatter::checkText (58 bytes)
Event: 62.060 Thread 0x14a71400 nmethod 493 0x01ddc8c8 code [0x01ddca20, 0x01ddcd44]
Event: 62.155 Thread 0x14a71400  494             org.apache.http.util.CharArrayBuffer::indexOf (71 bytes)
Event: 62.155 Thread 0x14a71400 nmethod 494 0x01ddd148 code [0x01ddd250, 0x01ddd380]
Event: 62.155 Thread 0x14a71400  495             java.util.Arrays::copyOf (46 bytes)
Event: 62.156 Thread 0x14a71400 nmethod 495 0x01ddd488 code [0x01ddd5b0, 0x01ddd854]

GC Heap History (10 events):
Event: 3.450 GC heap before
{Heap before GC invocations=10 (full 0):
 def new generation   total 4928K, used 4831K [0x03e00000, 0x04350000, 0x09350000)
  eden space 4416K,  99% used [0x03e00000, 0x0424d2e0, 0x04250000)
  from space 512K,  83% used [0x04250000, 0x042bace8, 0x042d0000)
  to   space 512K,   0% used [0x042d0000, 0x042d0000, 0x04350000)
 tenured generation   total 10944K, used 4154K [0x09350000, 0x09e00000, 0x13e00000)
   the space 10944K,  37% used [0x09350000, 0x0975e928, 0x0975ea00, 0x09e00000)
 Metaspace       used 8007K, capacity 8155K, committed 8192K, reserved 8576K
Event: 3.455 GC heap after
Heap after GC invocations=11 (full 0):
 def new generation   total 4928K, used 508K [0x03e00000, 0x04350000, 0x09350000)
  eden space 4416K,   0% used [0x03e00000, 0x03e00000, 0x04250000)
  from space 512K,  99% used [0x042d0000, 0x0434f270, 0x04350000)
  to   space 512K,   0% used [0x04250000, 0x04250000, 0x042d0000)
 tenured generation   total 10944K, used 4260K [0x09350000, 0x09e00000, 0x13e00000)
   the space 10944K,  38% used [0x09350000, 0x09779358, 0x09779400, 0x09e00000)
 Metaspace       used 8007K, capacity 8155K, committed 8192K, reserved 8576K
}
Event: 3.574 GC heap before
{Heap before GC invocations=11 (full 0):
 def new generation   total 4928K, used 4924K [0x03e00000, 0x04350000, 0x09350000)
  eden space 4416K, 100% used [0x03e00000, 0x04250000, 0x04250000)
  from space 512K,  99% used [0x042d0000, 0x0434f270, 0x04350000)
  to   space 512K,   0% used [0x04250000, 0x04250000, 0x042d0000)
 tenured generation   total 10944K, used 4260K [0x09350000, 0x09e00000, 0x13e00000)
   the space 10944K,  38% used [0x09350000, 0x09779358, 0x09779400, 0x09e00000)
 Metaspace       used 8373K, capacity 8539K, committed 8576K, reserved 8576K
Event: 3.577 GC heap after
Heap after GC invocations=12 (full 0):
 def new generation   total 4928K, used 435K [0x03e00000, 0x04350000, 0x09350000)
  eden space 4416K,   0% used [0x03e00000, 0x03e00000, 0x04250000)
  from space 512K,  85% used [0x04250000, 0x042bcd80, 0x042d0000)
  to   space 512K,   0% used [0x042d0000, 0x042d0000, 0x04350000)
 tenured generation   total 10944K, used 4412K [0x09350000, 0x09e00000, 0x13e00000)
   the space 10944K,  40% used [0x09350000, 0x0979f138, 0x0979f200, 0x09e00000)
 Metaspace       used 8373K, capacity 8539K, committed 8576K, reserved 8576K
}
Event: 3.689 GC heap before
{Heap before GC invocations=12 (full 0):
 def new generation   total 4928K, used 4851K [0x03e00000, 0x04350000, 0x09350000)
  eden space 4416K, 100% used [0x03e00000, 0x04250000, 0x04250000)
  from space 512K,  85% used [0x04250000, 0x042bcd80, 0x042d0000)
  to   space 512K,   0% used [0x042d0000, 0x042d0000, 0x04350000)
 tenured generation   total 10944K, used 4412K [0x09350000, 0x09e00000, 0x13e00000)
   the space 10944K,  40% used [0x09350000, 0x0979f138, 0x0979f200, 0x09e00000)
 Metaspace       used 8657K, capacity 8795K, committed 8832K, reserved 9600K
Event: 3.691 GC heap after
Heap after GC invocations=13 (full 0):
 def new generation   total 4928K, used 400K [0x03e00000, 0x04350000, 0x09350000)
  eden space 4416K,   0% used [0x03e00000, 0x03e00000, 0x04250000)
  from space 512K,  78% used [0x042d0000, 0x04334350, 0x04350000)
  to   space 512K,   0% used [0x04250000, 0x04250000, 0x042d0000)
 tenured generation   total 10944K, used 4461K [0x09350000, 0x09e00000, 0x13e00000)
   the space 10944K,  40% used [0x09350000, 0x097ab598, 0x097ab600, 0x09e00000)
 Metaspace       used 8657K, capacity 8795K, committed 8832K, reserved 9600K
}
Event: 7.532 GC heap before
{Heap before GC invocations=13 (full 0):
 def new generation   total 4928K, used 4816K [0x03e00000, 0x04350000, 0x09350000)
  eden space 4416K, 100% used [0x03e00000, 0x04250000, 0x04250000)
  from space 512K,  78% used [0x042d0000, 0x04334350, 0x04350000)
  to   space 512K,   0% used [0x04250000, 0x04250000, 0x042d0000)
 tenured generation   total 10944K, used 4461K [0x09350000, 0x09e00000, 0x13e00000)
   the space 10944K,  40% used [0x09350000, 0x097ab598, 0x097ab600, 0x09e00000)
 Metaspace       used 8959K, capacity 9115K, committed 9216K, reserved 9600K
Event: 7.534 GC heap after
Heap after GC invocations=14 (full 0):
 def new generation   total 4928K, used 411K [0x03e00000, 0x04350000, 0x09350000)
  eden space 4416K,   0% used [0x03e00000, 0x03e00000, 0x04250000)
  from space 512K,  80% used [0x04250000, 0x042b6f00, 0x042d0000)
  to   space 512K,   0% used [0x042d0000, 0x042d0000, 0x04350000)
 tenured generation   total 10944K, used 4508K [0x09350000, 0x09e00000, 0x13e00000)
   the space 10944K,  41% used [0x09350000, 0x097b7198, 0x097b7200, 0x09e00000)
 Metaspace       used 8959K, capacity 9115K, committed 9216K, reserved 9600K
}
Event: 61.759 GC heap before
{Heap before GC invocations=14 (full 0):
 def new generation   total 4928K, used 4815K [0x03e00000, 0x04350000, 0x09350000)
  eden space 4416K,  99% used [0x03e00000, 0x0424ce98, 0x04250000)
  from space 512K,  80% used [0x04250000, 0x042b6f00, 0x042d0000)
  to   space 512K,   0% used [0x042d0000, 0x042d0000, 0x04350000)
 tenured generation   total 10944K, used 4508K [0x09350000, 0x09e00000, 0x13e00000)
   the space 10944K,  41% used [0x09350000, 0x097b7198, 0x097b7200, 0x09e00000)
 Metaspace       used 9171K, capacity 9339K, committed 9344K, reserved 9600K
Event: 61.764 GC heap after
Heap after GC invocations=15 (full 0):
 def new generation   total 4928K, used 301K [0x03e00000, 0x04350000, 0x09350000)
  eden space 4416K,   0% used [0x03e00000, 0x03e00000, 0x04250000)
  from space 512K,  58% used [0x042d0000, 0x0431b628, 0x04350000)
  to   space 512K,   0% used [0x04250000, 0x04250000, 0x042d0000)
 tenured generation   total 10944K, used 4576K [0x09350000, 0x09e00000, 0x13e00000)
   the space 10944K,  41% used [0x09350000, 0x097c8178, 0x097c8200, 0x09e00000)
 Metaspace       used 9171K, capacity 9339K, committed 9344K, reserved 9600K
}

Deoptimization events (0 events):
No events

Internal exceptions (10 events):
Event: 3.550 Thread 0x01243000 Exception <a 'java/lang/ArrayIndexOutOfBoundsException'> (0x0417ebf8) thrown at [C:\re\workspace\8-2-build-windows-i586-cygwin\jdk8u101\7261\hotspot\src\share\vm\runtime\sharedRuntime.cpp, line 605]
Event: 3.550 Thread 0x01243000 Exception <a 'java/lang/ArrayIndexOutOfBoundsException'> (0x0417fbb0) thrown at [C:\re\workspace\8-2-build-windows-i586-cygwin\jdk8u101\7261\hotspot\src\share\vm\runtime\sharedRuntime.cpp, line 605]
Event: 3.553 Thread 0x01243000 Exception <a 'java/lang/ArrayIndexOutOfBoundsException'> (0x0418ad60) thrown at [C:\re\workspace\8-2-build-windows-i586-cygwin\jdk8u101\7261\hotspot\src\share\vm\runtime\sharedRuntime.cpp, line 605]
Event: 3.553 Thread 0x01243000 Exception <a 'java/lang/ArrayIndexOutOfBoundsException'> (0x0418c418) thrown at [C:\re\workspace\8-2-build-windows-i586-cygwin\jdk8u101\7261\hotspot\src\share\vm\runtime\sharedRuntime.cpp, line 605]
Event: 3.553 Thread 0x01243000 Exception <a 'java/lang/ArrayIndexOutOfBoundsException'> (0x0418d8a0) thrown at [C:\re\workspace\8-2-build-windows-i586-cygwin\jdk8u101\7261\hotspot\src\share\vm\runtime\sharedRuntime.cpp, line 605]
Event: 3.556 Thread 0x01243000 Exception <a 'java/lang/ArrayIndexOutOfBoundsException'> (0x041a2f48) thrown at [C:\re\workspace\8-2-build-windows-i586-cygwin\jdk8u101\7261\hotspot\src\share\vm\runtime\sharedRuntime.cpp, line 605]
Event: 3.661 Thread 0x01243000 Exception <a 'java/lang/ArrayIndexOutOfBoundsException'> (0x04130f50) thrown at [C:\re\workspace\8-2-build-windows-i586-cygwin\jdk8u101\7261\hotspot\src\share\vm\runtime\sharedRuntime.cpp, line 605]
Event: 3.661 Thread 0x01243000 Exception <a 'java/lang/ArrayIndexOutOfBoundsException'> (0x041325e0) thrown at [C:\re\workspace\8-2-build-windows-i586-cygwin\jdk8u101\7261\hotspot\src\share\vm\runtime\sharedRuntime.cpp, line 605]
Event: 62.159 Thread 0x01243000 Exception <a 'java/lang/ArrayIndexOutOfBoundsException': 2> (0x03eaccb0) thrown at [C:\re\workspace\8-2-build-windows-i586-cygwin\jdk8u101\7261\hotspot\src\share\vm\interpreter\interpreterRuntime.cpp, line 366]
Event: 62.160 Thread 0x01243000 Exception <a 'java/lang/reflect/InvocationTargetException'> (0x03eaceb0) thrown at [C:\re\workspace\8-2-build-windows-i586-cygwin\jdk8u101\7261\hotspot\src\share\vm\runtime\reflection.cpp, line 1092]

Events (10 events):
Event: 504769.291 Executing VM operation: GetOrSetLocal
Event: 504769.722 Executing VM operation: GetOrSetLocal done
Event: 504769.723 Executing VM operation: GetOrSetLocal
Event: 504769.723 Executing VM operation: GetOrSetLocal done
Event: 504769.846 Executing VM operation: GetOrSetLocal
Event: 504770.362 Executing VM operation: GetOrSetLocal done
Event: 504893.106 Thread 0x142c4c00 DEOPT PACKING pc=0x01da2044 sp=0x149deae0
Event: 504893.106 Thread 0x142c4c00 DEOPT UNPACKING pc=0x01cbc5db sp=0x149de964 mode 1
Event: 504893.118 Executing VM operation: GetOrSetLocal
Event: 504893.257 Executing VM operation: GetOrSetLocal done


Dynamic libraries:
0x00370000 - 0x003a3000 	C:\Program Files\Java\jdk1.8.0_101\bin\java.exe
0x77740000 - 0x7787c000 	C:\Windows\SYSTEM32\ntdll.dll
0x76e10000 - 0x76ee4000 	C:\Windows\system32\kernel32.dll
0x75b20000 - 0x75b6a000 	C:\Windows\system32\KERNELBASE.dll
0x76b40000 - 0x76be0000 	C:\Windows\system32\ADVAPI32.dll
0x76d60000 - 0x76e0c000 	C:\Windows\system32\msvcrt.dll
0x75b90000 - 0x75ba9000 	C:\Windows\SYSTEM32\sechost.dll
0x76cb0000 - 0x76d51000 	C:\Windows\system32\RPCRT4.dll
0x77100000 - 0x771c9000 	C:\Windows\system32\USER32.dll
0x76a60000 - 0x76aae000 	C:\Windows\system32\GDI32.dll
0x76ca0000 - 0x76caa000 	C:\Windows\system32\LPK.dll
0x75d60000 - 0x75dfd000 	C:\Windows\system32\USP10.dll
0x73e10000 - 0x73fae000 	C:\Windows\WinSxS\x86_microsoft.windows.common-controls_6595b64144ccf1df_6.0.7600.16385_none_421189da2b7fabfc\COMCTL32.dll
0x75bb0000 - 0x75c07000 	C:\Windows\system32\SHLWAPI.dll
0x77880000 - 0x7789f000 	C:\Windows\system32\IMM32.DLL
0x77670000 - 0x7773c000 	C:\Windows\system32\MSCTF.dll
0x78080000 - 0x7813f000 	C:\Program Files\Java\jdk1.8.0_101\jre\bin\msvcr100.dll
0x6d200000 - 0x6d5cc000 	C:\Program Files\Java\jdk1.8.0_101\jre\bin\client\jvm.dll
0x710e0000 - 0x710e7000 	C:\Windows\system32\WSOCK32.dll
0x778b0000 - 0x778e5000 	C:\Windows\system32\WS2_32.dll
0x75d50000 - 0x75d56000 	C:\Windows\system32\NSI.dll
0x701b0000 - 0x701e2000 	C:\Windows\system32\WINMM.dll
0x75230000 - 0x75239000 	C:\Windows\system32\VERSION.dll
0x75e00000 - 0x75e05000 	C:\Windows\system32\PSAPI.DLL
0x700e0000 - 0x700ec000 	C:\Program Files\Java\jdk1.8.0_101\jre\bin\verify.dll
0x6d8f0000 - 0x6d911000 	C:\Program Files\Java\jdk1.8.0_101\jre\bin\java.dll
0x6db60000 - 0x6db89000 	C:\Program Files\Java\jdk1.8.0_101\jre\bin\jdwp.dll
0x6f150000 - 0x6f157000 	C:\Program Files\Java\jdk1.8.0_101\jre\bin\npt.dll
0x6d180000 - 0x6d1a0000 	C:\Program Files\Java\jdk1.8.0_101\jre\bin\instrument.dll
0x6fc50000 - 0x6fc63000 	C:\Program Files\Java\jdk1.8.0_101\jre\bin\zip.dll
0x75e10000 - 0x76a59000 	C:\Windows\system32\SHELL32.dll
0x76fa0000 - 0x770fc000 	C:\Windows\system32\ole32.dll
0x75890000 - 0x7589b000 	C:\Windows\system32\profapi.dll
0x6cb50000 - 0x6cb58000 	C:\Program Files\Java\jdk1.8.0_101\jre\bin\dt_socket.dll
0x75090000 - 0x750cc000 	C:\Windows\system32\mswsock.dll
0x74300000 - 0x74305000 	C:\Windows\System32\wshtcpip.dll
0x6fe40000 - 0x6fe56000 	C:\Program Files\Java\jdk1.8.0_101\jre\bin\net.dll
0x754e0000 - 0x754e6000 	C:\Windows\System32\wship6.dll
0x750d0000 - 0x750e6000 	C:\Windows\system32\CRYPTSP.dll
0x74e60000 - 0x74e9b000 	C:\Windows\system32\rsaenh.dll
0x753b0000 - 0x753c7000 	C:\Windows\system32\USERENV.dll
0x75810000 - 0x7581c000 	C:\Windows\system32\CRYPTBASE.dll
0x746b0000 - 0x746cc000 	C:\Windows\system32\IPHLPAPI.DLL
0x74d20000 - 0x74d27000 	C:\Windows\system32\WINNSI.DLL
0x72a90000 - 0x72aa2000 	C:\Windows\system32\dhcpcsvc.DLL
0x72a80000 - 0x72a8d000 	C:\Windows\system32\dhcpcsvc6.DLL
0x6f4d0000 - 0x6f4df000 	C:\Program Files\Java\jdk1.8.0_101\jre\bin\nio.dll
0x74f60000 - 0x74fa4000 	C:\Windows\system32\DNSAPI.dll
0x70d20000 - 0x70d26000 	C:\Windows\system32\rasadhlp.dll
0x72b80000 - 0x72bb8000 	C:\Windows\System32\fwpuclnt.dll
0x6f8e0000 - 0x6f900000 	C:\Program Files\Java\jdk1.8.0_101\jre\bin\sunec.dll
0x757c0000 - 0x7580b000 	C:\Windows\system32\apphelp.dll
0x733a0000 - 0x733b0000 	C:\Windows\system32\NLAapi.dll
0x70110000 - 0x70118000 	C:\Windows\System32\winrnr.dll
0x70100000 - 0x70110000 	C:\Windows\system32\napinsp.dll
0x00320000 - 0x00332000 	C:\Windows\system32\pnrpnsp.dll
0x700d0000 - 0x700dd000 	C:\Windows\system32\wshbth.dll
0x72d90000 - 0x72e7b000 	C:\Windows\system32\dbghelp.dll

VM Arguments:
jvm_args: -agentlib:jdwp=transport=dt_socket,address=127.0.0.1:55965,suspend=y,server=n -ea -javaagent:C:\Users\Антон\.IdeaIC2016\system\groovyHotSwap\gragent.jar -Didea.testng.sm_runner -Dfile.encoding=UTF-8 
java_command: org.testng.RemoteTestNGStarter -port 55963 -usedefaultlisteners false -socket55964 @w@C:\Users\Антон\AppData\Local\Temp\idea_working_dirs_testng673.tmp -temp C:\Users\Антон\AppData\Local\Temp\idea_testng630.tmp
java_class_path (initial): C:\Program Files\JetBrains\IntelliJ IDEA Community Edition 2016.1.4\lib\idea_rt.jar;C:\Program Files\JetBrains\IntelliJ IDEA Community Edition 2016.1.4\plugins\testng\lib\testng-plugin.jar;C:\Program Files\Java\jdk1.8.0_101\jre\lib\charsets.jar;C:\Program Files\Java\jdk1.8.0_101\jre\lib\deploy.jar;C:\Program Files\Java\jdk1.8.0_101\jre\lib\javaws.jar;C:\Program Files\Java\jdk1.8.0_101\jre\lib\jce.jar;C:\Program Files\Java\jdk1.8.0_101\jre\lib\jfr.jar;C:\Program Files\Java\jdk1.8.0_101\jre\lib\jfxswt.jar;C:\Program Files\Java\jdk1.8.0_101\jre\lib\jsse.jar;C:\Program Files\Java\jdk1.8.0_101\jre\lib\management-agent.jar;C:\Program Files\Java\jdk1.8.0_101\jre\lib\plugin.jar;C:\Program Files\Java\jdk1.8.0_101\jre\lib\resources.jar;C:\Program Files\Java\jdk1.8.0_101\jre\lib\rt.jar;C:\Program Files\Java\jdk1.8.0_101\jre\lib\ext\access-bridge.jar;C:\Program Files\Java\jdk1.8.0_101\jre\lib\ext\cldrdata.jar;C:\Program Files\Java\jdk1.8.0_101\jre\lib\ext\dnsns.jar;C:\Program Files\Java\jdk1.8.0_101\jre\lib\ext\jaccess.jar;C:\Program Files\Java\jdk1.8.0_101\jre\lib\ext\jfxrt.jar;C:\Program Files\Java\jdk1.8.0_101\jre\lib\ext\localedata.jar;C:\Program Files\Java\jdk1.8.0_101\jre\lib\ext\nashorn.jar;C:\Program Files\Java\jdk1.8.0_101\jre\lib\ext\sunec.jar;C:\Program Files\Java\jdk1.8.0_101\jre\lib\ext\sunjce_provider.jar;C:\Program Files\Java\jdk1.8.0_101\jre\lib\ext\sunmscapi.jar;C:\Program Files\Java\jdk1.8.0_101\jre\lib\ext\sunpkcs11.jar;C:\Program Files\Java\jdk1.8.0_101\jre\lib\ext\zipfs.jar;C:\Users\Антон\Downloads\Java-course\java_courses\addressbookWebTests\build\classes\test;C:\Users\Антон\Downloads\Java-course\java_courses\addressbookWebTests\build\classes\main;C:\Users\Антон\.gradle\caches\modules-2\files-2.1\org.testng\testng\6.9.10\6feb3e964aeb7097aff30c372aac3ec0f8d87ede\testng-6.9.10.jar;C:\Users\Антон\.gradle\caches\modules-2\files-2.1\org.seleniumhq.selenium\selenium-java\2.53.1\d90f85f4f389aa78b2d207ca1bfcca3fdefb71f0\selenium-java-2
Launcher Type: SUN_STANDARD

Environment Variables:
JAVA_HOME=C:\Program Files\Java\jdk1.7.0_79
PATH=C:\Program Files\Java\jdk1.7.0_79\bin;C:\ProgramData\Oracle\Java\javapath;D:\app\Антон\product\11.2.0\dbhome_1\bin;C:\Windows\system32;C:\Windows;C:\Windows\System32\Wbem;C:\Windows\System32\WindowsPowerShell\v1.0\;C:\Program Files\ATI Technologies\ATI.ACE\Core-Static;C:\Program Files\Skype\Phone\
USERNAME=Антон
OS=Windows_NT
PROCESSOR_IDENTIFIER=x86 Family 6 Model 37 Stepping 2, GenuineIntel



---------------  S Y S T E M  ---------------

OS: Windows 7 Build 7600 (6.1.7600.16385)

CPU:total 2 (2 cores per cpu, 1 threads per core) family 6 model 37 stepping 2, cmov, cx8, fxsr, mmx, sse, sse2, sse3, ssse3, popcnt, tsc, tscinvbit

Memory: 4k page, physical 2545520k(199420k free), swap 6586256k(1989152k free)

vm_info: Java HotSpot(TM) Client VM (25.101-b13) for windows-x86 JRE (1.8.0_101-b13), built on Jun 22 2016 00:45:44 by "java_re" with MS VC++ 10.0 (VS2010)

time: Mon Sep 26 19:48:07 2016
elapsed time: 504894 seconds (5d 20h 14m 54s)

