#
# A fatal error has been detected by the Java Runtime Environment:
#
#  EXCEPTION_ACCESS_VIOLATION (0xc0000005) at pc=0x6d2cbafd, pid=11440, tid=0x00002a38
#
# JRE version: Java(TM) SE Runtime Environment (8.0_101-b13) (build 1.8.0_101-b13)
# Java VM: Java HotSpot(TM) Client VM (25.101-b13 mixed mode windows-x86 )
# Problematic frame:
# V  [jvm.dll+0xcbafd]
#
# Failed to write core dump. Minidumps are not enabled by default on client versions of Windows
#
# If you would like to submit a bug report, please visit:
#   http://bugreport.java.com/bugreport/crash.jsp
#

---------------  T H R E A D  ---------------

Current thread (0x142c4c00):  JavaThread "JDWP Transport Listener: dt_socket" daemon [_thread_in_vm, id=10808, stack(0x01da0000,0x01df0000)]

siginfo: ExceptionCode=0xc0000005, reading address 0x00000008

Registers:
EAX=0x00000008, EBX=0x00000000, ECX=0x00000008, EDX=0x00000000
ESP=0x01def278, EBP=0x01def27c, ESI=0x142c4c00, EDI=0x0165b8c0
EIP=0x6d2cbafd, EFLAGS=0x00010202

Top of Stack: (sp=0x01def278)
0x01def278:   142c4c00 01def2a4 6d429754 00000008
0x01def288:   01def35c 01def2df 142c4c00 00000000
0x01def298:   00000000 00000000 142c4c00 01def2e0
0x01def2a8:   6db79f80 0165b8c0 00000008 01def2df
0x01def2b8:   00000008 6db6436d 00000008 01def2df
0x01def2c8:   00000003 00000000 00000000 00000001
0x01def2d8:   00000000 002cf8b0 01def300 6db644e0
0x01def2e8:   00000001 01def31c 01def358 14972f20 

Instructions: (pc=0x6d2cbafd)
0x6d2cbadd:   5d c3 52 e8 5b f9 ff ff 5d c3 cc cc cc cc cc cc
0x6d2cbaed:   cc cc cc 55 8b ec 8b 45 08 85 c0 75 02 5d c3 56
0x6d2cbafd:   8b 30 85 f6 74 17 83 fe 37 74 12 8b 06 8b 50 08
0x6d2cbb0d:   8b ce ff d2 84 c0 74 05 8b c6 5e 5d c3 33 c0 5e 


Register to memory mapping:

EAX=0x00000008 is an unknown value
EBX=0x00000000 is an unknown value
ECX=0x00000008 is an unknown value
EDX=0x00000000 is an unknown value
ESP=0x01def278 is pointing into the stack for thread: 0x142c4c00
EBP=0x01def27c is pointing into the stack for thread: 0x142c4c00
ESI=0x142c4c00 is a thread
EDI=0x0165b8c0 is an unknown value


Stack: [0x01da0000,0x01df0000],  sp=0x01def278,  free space=316k
Native frames: (J=compiled Java code, j=interpreted, Vv=VM code, C=native code)
V  [jvm.dll+0xcbafd]
V  [jvm.dll+0x229754]
C  [jdwp.dll+0x19f80]
C  [jdwp.dll+0x44e0]
C  [jdwp.dll+0x451e]
C  0x6dad1401


---------------  P R O C E S S  ---------------

Java Threads: ( => current thread )
  0x155f8c00 JavaThread "Exec Stream Pumper" daemon [_thread_in_native, id=6416, stack(0x14c70000,0x14cc0000)]
  0x155b3c00 JavaThread "Exec Stream Pumper" daemon [_thread_in_native, id=7956, stack(0x146d0000,0x14720000)]
  0x155b3800 JavaThread "UrlChecker-2" daemon [_thread_blocked, id=6600, stack(0x14e20000,0x14e70000)]
  0x155b4c00 JavaThread "Exec Default Executor" daemon [_thread_in_native, id=11364, stack(0x14ff0000,0x15040000)]
  0x14908c00 JavaThread "Service Thread" daemon [_thread_blocked, id=11204, stack(0x14cc0000,0x14d10000)]
  0x1490a400 JavaThread "C1 CompilerThread0" daemon [_thread_blocked, id=8660, stack(0x14d80000,0x14dd0000)]
  0x142c7c00 JavaThread "JDWP Command Reader" daemon [_thread_in_native, id=9912, stack(0x147d0000,0x14820000)]
  0x142c6800 JavaThread "JDWP Event Helper Thread" daemon [_thread_blocked, id=12032, stack(0x14820000,0x14870000)]
=>0x142c4c00 JavaThread "JDWP Transport Listener: dt_socket" daemon [_thread_in_vm, id=10808, stack(0x01da0000,0x01df0000)]
  0x142b5000 JavaThread "Attach Listener" daemon [_thread_blocked, id=6116, stack(0x14760000,0x147b0000)]
  0x142b4000 JavaThread "Signal Dispatcher" daemon [_thread_blocked, id=11620, stack(0x145c0000,0x14610000)]
  0x1429e400 JavaThread "Finalizer" daemon [_thread_blocked, id=3616, stack(0x01d40000,0x01d90000)]
  0x14277c00 JavaThread "Reference Handler" daemon [_thread_blocked, id=10648, stack(0x14630000,0x14680000)]
  0x01673000 JavaThread "main" [_thread_blocked, id=9620, stack(0x01760000,0x017b0000)]

Other Threads:
  0x14270800 VMThread [stack: 0x144a0000,0x144f0000] [id=2664]
  0x148ea000 WatcherThread [stack: 0x14e80000,0x14ed0000] [id=9920]

VM state:not at safepoint (normal execution)

VM Mutex/Monitor currently owned by a thread: None

Heap:
 def new generation   total 4928K, used 992K [0x03e00000, 0x04350000, 0x09350000)
  eden space 4416K,  19% used [0x03e00000, 0x03ed4058, 0x04250000)
  from space 512K,  28% used [0x04250000, 0x04274370, 0x042d0000)
  to   space 512K,   0% used [0x042d0000, 0x042d0000, 0x04350000)
 tenured generation   total 10944K, used 4542K [0x09350000, 0x09e00000, 0x13e00000)
   the space 10944K,  41% used [0x09350000, 0x097bfa80, 0x097bfc00, 0x09e00000)
 Metaspace       used 9221K, capacity 9373K, committed 9472K, reserved 9600K

Card table byte_map: [0x01560000,0x015f0000] byte_map_base: 0x01541000

Polling page: 0x00140000

CodeCache: size=32768Kb used=1525Kb max_used=1525Kb free=31242Kb
 bounds [0x01e00000, 0x01f80000, 0x03e00000]
 total_blobs=780 nmethods=604 adapters=115
 compilation: enabled

Compilation events (10 events):
Event: 28.030 Thread 0x1490a400  606             org.apache.http.util.ByteArrayBuffer::capacity (6 bytes)
Event: 28.031 Thread 0x1490a400 nmethod 606 0x01f7c988 code [0x01f7ca80, 0x01f7cb10]
Event: 28.050 Thread 0x1490a400  607             com.google.common.collect.ImmutableEntry::getValue (5 bytes)
Event: 28.050 Thread 0x1490a400 nmethod 607 0x01f7cb88 code [0x01f7cc80, 0x01f7cd00]
Event: 28.050 Thread 0x1490a400  608             com.google.common.collect.ImmutableEntry::getKey (5 bytes)
Event: 28.051 Thread 0x1490a400 nmethod 608 0x01f7cd48 code [0x01f7ce40, 0x01f7cec0]
Event: 28.637 Thread 0x1490a400  609             org.apache.http.util.CharArrayBuffer::append (61 bytes)
Event: 28.637 Thread 0x1490a400 nmethod 609 0x01f7cf08 code [0x01f7d020, 0x01f7d248]
Event: 28.741 Thread 0x1490a400  610             org.apache.http.util.LangUtils::hashCode (17 bytes)
Event: 28.741 Thread 0x1490a400 nmethod 610 0x01f7d3c8 code [0x01f7d4c0, 0x01f7d56c]

GC Heap History (10 events):
Event: 5.321 GC heap before
{Heap before GC invocations=11 (full 0):
 def new generation   total 4928K, used 4927K [0x03e00000, 0x04350000, 0x09350000)
  eden space 4416K, 100% used [0x03e00000, 0x04250000, 0x04250000)
  from space 512K,  99% used [0x042d0000, 0x0434fec0, 0x04350000)
  to   space 512K,   0% used [0x04250000, 0x04250000, 0x042d0000)
 tenured generation   total 10944K, used 4158K [0x09350000, 0x09e00000, 0x13e00000)
   the space 10944K,  38% used [0x09350000, 0x0975fb48, 0x0975fc00, 0x09e00000)
 Metaspace       used 8267K, capacity 8413K, committed 8448K, reserved 8576K
Event: 5.326 GC heap after
Heap after GC invocations=12 (full 0):
 def new generation   total 4928K, used 431K [0x03e00000, 0x04350000, 0x09350000)
  eden space 4416K,   0% used [0x03e00000, 0x03e00000, 0x04250000)
  from space 512K,  84% used [0x04250000, 0x042bbe48, 0x042d0000)
  to   space 512K,   0% used [0x042d0000, 0x042d0000, 0x04350000)
 tenured generation   total 10944K, used 4339K [0x09350000, 0x09e00000, 0x13e00000)
   the space 10944K,  39% used [0x09350000, 0x0978cc38, 0x0978ce00, 0x09e00000)
 Metaspace       used 8267K, capacity 8413K, committed 8448K, reserved 8576K
}
Event: 5.698 GC heap before
{Heap before GC invocations=12 (full 0):
 def new generation   total 4928K, used 4847K [0x03e00000, 0x04350000, 0x09350000)
  eden space 4416K, 100% used [0x03e00000, 0x04250000, 0x04250000)
  from space 512K,  84% used [0x04250000, 0x042bbe48, 0x042d0000)
  to   space 512K,   0% used [0x042d0000, 0x042d0000, 0x04350000)
 tenured generation   total 10944K, used 4339K [0x09350000, 0x09e00000, 0x13e00000)
   the space 10944K,  39% used [0x09350000, 0x0978cc38, 0x0978ce00, 0x09e00000)
 Metaspace       used 8574K, capacity 8733K, committed 8832K, reserved 9600K
Event: 5.701 GC heap after
Heap after GC invocations=13 (full 0):
 def new generation   total 4928K, used 443K [0x03e00000, 0x04350000, 0x09350000)
  eden space 4416K,   0% used [0x03e00000, 0x03e00000, 0x04250000)
  from space 512K,  86% used [0x042d0000, 0x0433edb8, 0x04350000)
  to   space 512K,   0% used [0x04250000, 0x04250000, 0x042d0000)
 tenured generation   total 10944K, used 4387K [0x09350000, 0x09e00000, 0x13e00000)
   the space 10944K,  40% used [0x09350000, 0x09798c70, 0x09798e00, 0x09e00000)
 Metaspace       used 8574K, capacity 8733K, committed 8832K, reserved 9600K
}
Event: 5.907 GC heap before
{Heap before GC invocations=13 (full 0):
 def new generation   total 4928K, used 4859K [0x03e00000, 0x04350000, 0x09350000)
  eden space 4416K, 100% used [0x03e00000, 0x04250000, 0x04250000)
  from space 512K,  86% used [0x042d0000, 0x0433edb8, 0x04350000)
  to   space 512K,   0% used [0x04250000, 0x04250000, 0x042d0000)
 tenured generation   total 10944K, used 4387K [0x09350000, 0x09e00000, 0x13e00000)
   the space 10944K,  40% used [0x09350000, 0x09798c70, 0x09798e00, 0x09e00000)
 Metaspace       used 8854K, capacity 9021K, committed 9088K, reserved 9600K
Event: 5.911 GC heap after
Heap after GC invocations=14 (full 0):
 def new generation   total 4928K, used 379K [0x03e00000, 0x04350000, 0x09350000)
  eden space 4416K,   0% used [0x03e00000, 0x03e00000, 0x04250000)
  from space 512K,  74% used [0x04250000, 0x042aefd0, 0x042d0000)
  to   space 512K,   0% used [0x042d0000, 0x042d0000, 0x04350000)
 tenured generation   total 10944K, used 4432K [0x09350000, 0x09e00000, 0x13e00000)
   the space 10944K,  40% used [0x09350000, 0x097a4140, 0x097a4200, 0x09e00000)
 Metaspace       used 8854K, capacity 9021K, committed 9088K, reserved 9600K
}
Event: 18.597 GC heap before
{Heap before GC invocations=14 (full 0):
 def new generation   total 4928K, used 4792K [0x03e00000, 0x04350000, 0x09350000)
  eden space 4416K,  99% used [0x03e00000, 0x0424f268, 0x04250000)
  from space 512K,  74% used [0x04250000, 0x042aefd0, 0x042d0000)
  to   space 512K,   0% used [0x042d0000, 0x042d0000, 0x04350000)
 tenured generation   total 10944K, used 4432K [0x09350000, 0x09e00000, 0x13e00000)
   the space 10944K,  40% used [0x09350000, 0x097a4140, 0x097a4200, 0x09e00000)
 Metaspace       used 9106K, capacity 9277K, committed 9344K, reserved 9600K
Event: 18.600 GC heap after
Heap after GC invocations=15 (full 0):
 def new generation   total 4928K, used 309K [0x03e00000, 0x04350000, 0x09350000)
  eden space 4416K,   0% used [0x03e00000, 0x03e00000, 0x04250000)
  from space 512K,  60% used [0x042d0000, 0x0431d5f0, 0x04350000)
  to   space 512K,   0% used [0x04250000, 0x04250000, 0x042d0000)
 tenured generation   total 10944K, used 4503K [0x09350000, 0x09e00000, 0x13e00000)
   the space 10944K,  41% used [0x09350000, 0x097b5d30, 0x097b5e00, 0x09e00000)
 Metaspace       used 9106K, capacity 9277K, committed 9344K, reserved 9600K
}
Event: 27.412 GC heap before
{Heap before GC invocations=15 (full 0):
 def new generation   total 4928K, used 4725K [0x03e00000, 0x04350000, 0x09350000)
  eden space 4416K, 100% used [0x03e00000, 0x04250000, 0x04250000)
  from space 512K,  60% used [0x042d0000, 0x0431d5f0, 0x04350000)
  to   space 512K,   0% used [0x04250000, 0x04250000, 0x042d0000)
 tenured generation   total 10944K, used 4503K [0x09350000, 0x09e00000, 0x13e00000)
   the space 10944K,  41% used [0x09350000, 0x097b5d30, 0x097b5e00, 0x09e00000)
 Metaspace       used 9207K, capacity 9373K, committed 9472K, reserved 9600K
Event: 27.416 GC heap after
Heap after GC invocations=16 (full 0):
 def new generation   total 4928K, used 144K [0x03e00000, 0x04350000, 0x09350000)
  eden space 4416K,   0% used [0x03e00000, 0x03e00000, 0x04250000)
  from space 512K,  28% used [0x04250000, 0x04274370, 0x042d0000)
  to   space 512K,   0% used [0x042d0000, 0x042d0000, 0x04350000)
 tenured generation   total 10944K, used 4542K [0x09350000, 0x09e00000, 0x13e00000)
   the space 10944K,  41% used [0x09350000, 0x097bfa80, 0x097bfc00, 0x09e00000)
 Metaspace       used 9207K, capacity 9373K, committed 9472K, reserved 9600K
}

Deoptimization events (0 events):
No events

Internal exceptions (10 events):
Event: 3.828 Thread 0x01673000 Exception <a 'java/lang/NoSuchFieldError': method resolution failed> (0x04002140) thrown at [C:\re\workspace\8-2-build-windows-i586-cygwin\jdk8u101\7261\hotspot\src\share\vm\prims\methodHandles.cpp, line 1146]
Event: 5.044 Thread 0x155b3800 Exception <a 'java/net/SocketTimeoutException': connect timed out> (0x03e169a8) thrown at [C:\re\workspace\8-2-build-windows-i586-cygwin\jdk8u101\7261\hotspot\src\share\vm\prims\jni.cpp, line 735]
Event: 5.468 Thread 0x01673000 Exception <a 'java/lang/ArrayIndexOutOfBoundsException'> (0x03ee73b8) thrown at [C:\re\workspace\8-2-build-windows-i586-cygwin\jdk8u101\7261\hotspot\src\share\vm\runtime\sharedRuntime.cpp, line 605]
Event: 5.468 Thread 0x01673000 Exception <a 'java/lang/ArrayIndexOutOfBoundsException'> (0x03ee8370) thrown at [C:\re\workspace\8-2-build-windows-i586-cygwin\jdk8u101\7261\hotspot\src\share\vm\runtime\sharedRuntime.cpp, line 605]
Event: 5.471 Thread 0x01673000 Exception <a 'java/lang/ArrayIndexOutOfBoundsException'> (0x03ef34a0) thrown at [C:\re\workspace\8-2-build-windows-i586-cygwin\jdk8u101\7261\hotspot\src\share\vm\runtime\sharedRuntime.cpp, line 605]
Event: 5.471 Thread 0x01673000 Exception <a 'java/lang/ArrayIndexOutOfBoundsException'> (0x03ef4b68) thrown at [C:\re\workspace\8-2-build-windows-i586-cygwin\jdk8u101\7261\hotspot\src\share\vm\runtime\sharedRuntime.cpp, line 605]
Event: 5.471 Thread 0x01673000 Exception <a 'java/lang/ArrayIndexOutOfBoundsException'> (0x03ef5ff0) thrown at [C:\re\workspace\8-2-build-windows-i586-cygwin\jdk8u101\7261\hotspot\src\share\vm\runtime\sharedRuntime.cpp, line 605]
Event: 5.475 Thread 0x01673000 Exception <a 'java/lang/ArrayIndexOutOfBoundsException'> (0x03f0b660) thrown at [C:\re\workspace\8-2-build-windows-i586-cygwin\jdk8u101\7261\hotspot\src\share\vm\runtime\sharedRuntime.cpp, line 605]
Event: 5.728 Thread 0x01673000 Exception <a 'java/lang/ArrayIndexOutOfBoundsException'> (0x03e9cf48) thrown at [C:\re\workspace\8-2-build-windows-i586-cygwin\jdk8u101\7261\hotspot\src\share\vm\runtime\sharedRuntime.cpp, line 605]
Event: 5.729 Thread 0x01673000 Exception <a 'java/lang/ArrayIndexOutOfBoundsException'> (0x03e9e5d8) thrown at [C:\re\workspace\8-2-build-windows-i586-cygwin\jdk8u101\7261\hotspot\src\share\vm\runtime\sharedRuntime.cpp, line 605]

Events (10 events):
Event: 70635.337 Executing VM operation: RedefineClasses
Event: 70635.342 Executing VM operation: RedefineClasses done
Event: 70635.343 Executing VM operation: GetOrSetLocal
Event: 70635.343 Executing VM operation: GetOrSetLocal done
Event: 70635.347 Executing VM operation: ChangeBreakpoints
Event: 70635.347 Executing VM operation: ChangeBreakpoints done
Event: 70635.362 Executing VM operation: ChangeBreakpoints
Event: 70635.363 Executing VM operation: ChangeBreakpoints done
Event: 70635.366 Executing VM operation: ChangeBreakpoints
Event: 70635.366 Executing VM operation: ChangeBreakpoints done


Dynamic libraries:
0x00370000 - 0x003a3000 	C:\Program Files\Java\jdk1.8.0_101\bin\java.exe
0x77740000 - 0x7787c000 	C:\Windows\SYSTEM32\ntdll.dll
0x76e10000 - 0x76ee4000 	C:\Windows\system32\kernel32.dll
0x75b20000 - 0x75b6a000 	C:\Windows\system32\KERNELBASE.dll
0x76b40000 - 0x76be0000 	C:\Windows\system32\ADVAPI32.dll
0x76d60000 - 0x76e0c000 	C:\Windows\system32\msvcrt.dll
0x75b90000 - 0x75ba9000 	C:\Windows\SYSTEM32\sechost.dll
0x76cb0000 - 0x76d51000 	C:\Windows\system32\RPCRT4.dll
0x77100000 - 0x771c9000 	C:\Windows\system32\USER32.dll
0x76a60000 - 0x76aae000 	C:\Windows\system32\GDI32.dll
0x76ca0000 - 0x76caa000 	C:\Windows\system32\LPK.dll
0x75d60000 - 0x75dfd000 	C:\Windows\system32\USP10.dll
0x73e10000 - 0x73fae000 	C:\Windows\WinSxS\x86_microsoft.windows.common-controls_6595b64144ccf1df_6.0.7600.16385_none_421189da2b7fabfc\COMCTL32.dll
0x75bb0000 - 0x75c07000 	C:\Windows\system32\SHLWAPI.dll
0x77880000 - 0x7789f000 	C:\Windows\system32\IMM32.DLL
0x77670000 - 0x7773c000 	C:\Windows\system32\MSCTF.dll
0x78080000 - 0x7813f000 	C:\Program Files\Java\jdk1.8.0_101\jre\bin\msvcr100.dll
0x6d200000 - 0x6d5cc000 	C:\Program Files\Java\jdk1.8.0_101\jre\bin\client\jvm.dll
0x710e0000 - 0x710e7000 	C:\Windows\system32\WSOCK32.dll
0x778b0000 - 0x778e5000 	C:\Windows\system32\WS2_32.dll
0x75d50000 - 0x75d56000 	C:\Windows\system32\NSI.dll
0x701b0000 - 0x701e2000 	C:\Windows\system32\WINMM.dll
0x75230000 - 0x75239000 	C:\Windows\system32\VERSION.dll
0x75e00000 - 0x75e05000 	C:\Windows\system32\PSAPI.DLL
0x700e0000 - 0x700ec000 	C:\Program Files\Java\jdk1.8.0_101\jre\bin\verify.dll
0x6d8f0000 - 0x6d911000 	C:\Program Files\Java\jdk1.8.0_101\jre\bin\java.dll
0x6db60000 - 0x6db89000 	C:\Program Files\Java\jdk1.8.0_101\jre\bin\jdwp.dll
0x6f150000 - 0x6f157000 	C:\Program Files\Java\jdk1.8.0_101\jre\bin\npt.dll
0x6d180000 - 0x6d1a0000 	C:\Program Files\Java\jdk1.8.0_101\jre\bin\instrument.dll
0x6fc50000 - 0x6fc63000 	C:\Program Files\Java\jdk1.8.0_101\jre\bin\zip.dll
0x75e10000 - 0x76a59000 	C:\Windows\system32\SHELL32.dll
0x76fa0000 - 0x770fc000 	C:\Windows\system32\ole32.dll
0x75890000 - 0x7589b000 	C:\Windows\system32\profapi.dll
0x6cb50000 - 0x6cb58000 	C:\Program Files\Java\jdk1.8.0_101\jre\bin\dt_socket.dll
0x75090000 - 0x750cc000 	C:\Windows\system32\mswsock.dll
0x74300000 - 0x74305000 	C:\Windows\System32\wshtcpip.dll
0x6fe40000 - 0x6fe56000 	C:\Program Files\Java\jdk1.8.0_101\jre\bin\net.dll
0x754e0000 - 0x754e6000 	C:\Windows\System32\wship6.dll
0x750d0000 - 0x750e6000 	C:\Windows\system32\CRYPTSP.dll
0x74e60000 - 0x74e9b000 	C:\Windows\system32\rsaenh.dll
0x753b0000 - 0x753c7000 	C:\Windows\system32\USERENV.dll
0x75810000 - 0x7581c000 	C:\Windows\system32\CRYPTBASE.dll
0x746b0000 - 0x746cc000 	C:\Windows\system32\IPHLPAPI.DLL
0x74d20000 - 0x74d27000 	C:\Windows\system32\WINNSI.DLL
0x72a90000 - 0x72aa2000 	C:\Windows\system32\dhcpcsvc.DLL
0x72a80000 - 0x72a8d000 	C:\Windows\system32\dhcpcsvc6.DLL
0x6f4d0000 - 0x6f4df000 	C:\Program Files\Java\jdk1.8.0_101\jre\bin\nio.dll
0x74f60000 - 0x74fa4000 	C:\Windows\system32\DNSAPI.dll
0x70d20000 - 0x70d26000 	C:\Windows\system32\rasadhlp.dll
0x72b80000 - 0x72bb8000 	C:\Windows\System32\fwpuclnt.dll
0x6f8e0000 - 0x6f900000 	C:\Program Files\Java\jdk1.8.0_101\jre\bin\sunec.dll
0x757c0000 - 0x7580b000 	C:\Windows\system32\apphelp.dll
0x72d90000 - 0x72e7b000 	C:\Windows\system32\dbghelp.dll

VM Arguments:
jvm_args: -agentlib:jdwp=transport=dt_socket,address=127.0.0.1:56128,suspend=y,server=n -ea -javaagent:C:\Users\Антон\.IdeaIC2016\system\groovyHotSwap\gragent.jar -Didea.testng.sm_runner -Dfile.encoding=UTF-8 
java_command: org.testng.RemoteTestNGStarter -port 56126 -usedefaultlisteners false -socket56127 @w@C:\Users\Антон\AppData\Local\Temp\idea_working_dirs_testng851.tmp -temp C:\Users\Антон\AppData\Local\Temp\idea_testng662.tmp
java_class_path (initial): C:\Program Files\JetBrains\IntelliJ IDEA Community Edition 2016.1.4\lib\idea_rt.jar;C:\Program Files\JetBrains\IntelliJ IDEA Community Edition 2016.1.4\plugins\testng\lib\testng-plugin.jar;C:\Program Files\Java\jdk1.8.0_101\jre\lib\charsets.jar;C:\Program Files\Java\jdk1.8.0_101\jre\lib\deploy.jar;C:\Program Files\Java\jdk1.8.0_101\jre\lib\javaws.jar;C:\Program Files\Java\jdk1.8.0_101\jre\lib\jce.jar;C:\Program Files\Java\jdk1.8.0_101\jre\lib\jfr.jar;C:\Program Files\Java\jdk1.8.0_101\jre\lib\jfxswt.jar;C:\Program Files\Java\jdk1.8.0_101\jre\lib\jsse.jar;C:\Program Files\Java\jdk1.8.0_101\jre\lib\management-agent.jar;C:\Program Files\Java\jdk1.8.0_101\jre\lib\plugin.jar;C:\Program Files\Java\jdk1.8.0_101\jre\lib\resources.jar;C:\Program Files\Java\jdk1.8.0_101\jre\lib\rt.jar;C:\Program Files\Java\jdk1.8.0_101\jre\lib\ext\access-bridge.jar;C:\Program Files\Java\jdk1.8.0_101\jre\lib\ext\cldrdata.jar;C:\Program Files\Java\jdk1.8.0_101\jre\lib\ext\dnsns.jar;C:\Program Files\Java\jdk1.8.0_101\jre\lib\ext\jaccess.jar;C:\Program Files\Java\jdk1.8.0_101\jre\lib\ext\jfxrt.jar;C:\Program Files\Java\jdk1.8.0_101\jre\lib\ext\localedata.jar;C:\Program Files\Java\jdk1.8.0_101\jre\lib\ext\nashorn.jar;C:\Program Files\Java\jdk1.8.0_101\jre\lib\ext\sunec.jar;C:\Program Files\Java\jdk1.8.0_101\jre\lib\ext\sunjce_provider.jar;C:\Program Files\Java\jdk1.8.0_101\jre\lib\ext\sunmscapi.jar;C:\Program Files\Java\jdk1.8.0_101\jre\lib\ext\sunpkcs11.jar;C:\Program Files\Java\jdk1.8.0_101\jre\lib\ext\zipfs.jar;C:\Users\Антон\Downloads\Java-course\java_courses\addressbookWebTests\build\classes\test;C:\Users\Антон\Downloads\Java-course\java_courses\addressbookWebTests\build\classes\main;C:\Users\Антон\.gradle\caches\modules-2\files-2.1\org.testng\testng\6.9.10\6feb3e964aeb7097aff30c372aac3ec0f8d87ede\testng-6.9.10.jar;C:\Users\Антон\.gradle\caches\modules-2\files-2.1\org.seleniumhq.selenium\selenium-java\2.53.1\d90f85f4f389aa78b2d207ca1bfcca3fdefb71f0\selenium-java-2
Launcher Type: SUN_STANDARD

Environment Variables:
JAVA_HOME=C:\Program Files\Java\jdk1.7.0_79
PATH=C:\Program Files\Java\jdk1.7.0_79\bin;C:\ProgramData\Oracle\Java\javapath;D:\app\Антон\product\11.2.0\dbhome_1\bin;C:\Windows\system32;C:\Windows;C:\Windows\System32\Wbem;C:\Windows\System32\WindowsPowerShell\v1.0\;C:\Program Files\ATI Technologies\ATI.ACE\Core-Static;C:\Program Files\Skype\Phone\
USERNAME=Антон
OS=Windows_NT
PROCESSOR_IDENTIFIER=x86 Family 6 Model 37 Stepping 2, GenuineIntel



---------------  S Y S T E M  ---------------

OS: Windows 7 Build 7600 (6.1.7600.16385)

CPU:total 2 (2 cores per cpu, 1 threads per core) family 6 model 37 stepping 2, cmov, cx8, fxsr, mmx, sse, sse2, sse3, ssse3, popcnt, tsc, tscinvbit

Memory: 4k page, physical 2545520k(185888k free), swap 6586256k(675916k free)

vm_info: Java HotSpot(TM) Client VM (25.101-b13) for windows-x86 JRE (1.8.0_101-b13), built on Jun 22 2016 00:45:44 by "java_re" with MS VC++ 10.0 (VS2010)

time: Fri Sep 23 17:36:03 2016
elapsed time: 70639 seconds (0d 19h 37m 19s)

